[0.200s] Invoking command in '/home/reino/Programming/ROS2/learn-ros2/ros2_ws/build/my_cpp_pkg': CMAKE_PREFIX_PATH=/opt/ros/humble /usr/bin/cmake /home/reino/Programming/ROS2/learn-ros2/ros2_ws/src/my_cpp_pkg -DCMAKE_INSTALL_PREFIX=/home/reino/Programming/ROS2/learn-ros2/ros2_ws/install/my_cpp_pkg
[1.655s] -- The C compiler identification is GNU 11.4.0
[2.451s] -- The CXX compiler identification is GNU 11.4.0
[2.521s] -- Detecting C compiler ABI info
[2.766s] -- Detecting C compiler ABI info - done
[2.777s] -- Check for working C compiler: /usr/bin/cc - skipped
[2.777s] -- Detecting C compile features
[2.806s] -- Detecting C compile features - done
[2.811s] -- Detecting CXX compiler ABI info
[2.998s] -- Detecting CXX compiler ABI info - done
[3.009s] -- Check for working CXX compiler: /usr/bin/c++ - skipped
[3.009s] -- Detecting CXX compile features
[3.009s] -- Detecting CXX compile features - done
[3.103s] -- Found ament_cmake: 1.3.8 (/opt/ros/humble/share/ament_cmake/cmake)
[3.412s] -- Found Python3: /usr/bin/python3 (found version "3.10.12") found components: Interpreter 
[3.724s] -- Found rclcpp: 16.0.8 (/opt/ros/humble/share/rclcpp/cmake)
[3.975s] -- Found rosidl_generator_c: 3.1.5 (/opt/ros/humble/share/rosidl_generator_c/cmake)
[4.013s] -- Found rosidl_adapter: 3.1.5 (/opt/ros/humble/share/rosidl_adapter/cmake)
[4.038s] -- Found rosidl_generator_cpp: 3.1.5 (/opt/ros/humble/share/rosidl_generator_cpp/cmake)
[4.102s] -- Using all available rosidl_typesupport_c: rosidl_typesupport_fastrtps_c;rosidl_typesupport_introspection_c
[4.333s] -- Using all available rosidl_typesupport_cpp: rosidl_typesupport_fastrtps_cpp;rosidl_typesupport_introspection_cpp
[4.636s] -- Found rmw_implementation_cmake: 6.1.1 (/opt/ros/humble/share/rmw_implementation_cmake/cmake)
[4.647s] -- Found rmw_fastrtps_cpp: 6.2.6 (/opt/ros/humble/share/rmw_fastrtps_cpp/cmake)
[5.186s] -- Found OpenSSL: /usr/lib/x86_64-linux-gnu/libcrypto.so (found version "3.0.2")  
[5.242s] -- Found FastRTPS: /opt/ros/humble/include  
[5.431s] -- Using RMW implementation 'rmw_fastrtps_cpp' as default
[5.529s] -- Looking for pthread.h
[5.819s] -- Looking for pthread.h - found
[5.820s] -- Performing Test CMAKE_HAVE_LIBC_PTHREAD
[5.965s] -- Performing Test CMAKE_HAVE_LIBC_PTHREAD - Success
[5.967s] -- Found Threads: TRUE  
[6.279s] -- Found ament_lint_auto: 0.12.10 (/opt/ros/humble/share/ament_lint_auto/cmake)
[6.452s] -- Added test 'lint_cmake' to check CMake code style
[6.454s] -- Added test 'xmllint' to check XML markup files
[6.457s] -- Configuring done
[6.466s] -- Generating done
[6.469s] -- Build files have been written to: /home/reino/Programming/ROS2/learn-ros2/ros2_ws/build/my_cpp_pkg
[6.483s] Invoked command in '/home/reino/Programming/ROS2/learn-ros2/ros2_ws/build/my_cpp_pkg' returned '0': CMAKE_PREFIX_PATH=/opt/ros/humble /usr/bin/cmake /home/reino/Programming/ROS2/learn-ros2/ros2_ws/src/my_cpp_pkg -DCMAKE_INSTALL_PREFIX=/home/reino/Programming/ROS2/learn-ros2/ros2_ws/install/my_cpp_pkg
[6.487s] Invoking command in '/home/reino/Programming/ROS2/learn-ros2/ros2_ws/build/my_cpp_pkg': CMAKE_PREFIX_PATH=/opt/ros/humble /usr/bin/cmake --build /home/reino/Programming/ROS2/learn-ros2/ros2_ws/build/my_cpp_pkg -- -j8 -l8
[6.564s] Invoked command in '/home/reino/Programming/ROS2/learn-ros2/ros2_ws/build/my_cpp_pkg' returned '0': CMAKE_PREFIX_PATH=/opt/ros/humble /usr/bin/cmake --build /home/reino/Programming/ROS2/learn-ros2/ros2_ws/build/my_cpp_pkg -- -j8 -l8
[6.625s] Invoking command in '/home/reino/Programming/ROS2/learn-ros2/ros2_ws/build/my_cpp_pkg': CMAKE_PREFIX_PATH=/opt/ros/humble /usr/bin/cmake --install /home/reino/Programming/ROS2/learn-ros2/ros2_ws/build/my_cpp_pkg
[6.639s] -- Install configuration: ""
[6.640s] -- Installing: /home/reino/Programming/ROS2/learn-ros2/ros2_ws/install/my_cpp_pkg/share/ament_index/resource_index/package_run_dependencies/my_cpp_pkg
[6.640s] -- Installing: /home/reino/Programming/ROS2/learn-ros2/ros2_ws/install/my_cpp_pkg/share/ament_index/resource_index/parent_prefix_path/my_cpp_pkg
[6.641s] -- Installing: /home/reino/Programming/ROS2/learn-ros2/ros2_ws/install/my_cpp_pkg/share/my_cpp_pkg/environment/ament_prefix_path.sh
[6.642s] -- Installing: /home/reino/Programming/ROS2/learn-ros2/ros2_ws/install/my_cpp_pkg/share/my_cpp_pkg/environment/ament_prefix_path.dsv
[6.642s] -- Installing: /home/reino/Programming/ROS2/learn-ros2/ros2_ws/install/my_cpp_pkg/share/my_cpp_pkg/environment/path.sh
[6.642s] -- Installing: /home/reino/Programming/ROS2/learn-ros2/ros2_ws/install/my_cpp_pkg/share/my_cpp_pkg/environment/path.dsv
[6.643s] -- Installing: /home/reino/Programming/ROS2/learn-ros2/ros2_ws/install/my_cpp_pkg/share/my_cpp_pkg/local_setup.bash
[6.643s] -- Installing: /home/reino/Programming/ROS2/learn-ros2/ros2_ws/install/my_cpp_pkg/share/my_cpp_pkg/local_setup.sh
[6.644s] -- Installing: /home/reino/Programming/ROS2/learn-ros2/ros2_ws/install/my_cpp_pkg/share/my_cpp_pkg/local_setup.zsh
[6.644s] -- Installing: /home/reino/Programming/ROS2/learn-ros2/ros2_ws/install/my_cpp_pkg/share/my_cpp_pkg/local_setup.dsv
[6.644s] -- Installing: /home/reino/Programming/ROS2/learn-ros2/ros2_ws/install/my_cpp_pkg/share/my_cpp_pkg/package.dsv
[6.644s] -- Installing: /home/reino/Programming/ROS2/learn-ros2/ros2_ws/install/my_cpp_pkg/share/ament_index/resource_index/packages/my_cpp_pkg
[6.645s] -- Installing: /home/reino/Programming/ROS2/learn-ros2/ros2_ws/install/my_cpp_pkg/share/my_cpp_pkg/cmake/my_cpp_pkgConfig.cmake
[6.645s] -- Installing: /home/reino/Programming/ROS2/learn-ros2/ros2_ws/install/my_cpp_pkg/share/my_cpp_pkg/cmake/my_cpp_pkgConfig-version.cmake
[6.645s] -- Installing: /home/reino/Programming/ROS2/learn-ros2/ros2_ws/install/my_cpp_pkg/share/my_cpp_pkg/package.xml
[6.650s] Invoked command in '/home/reino/Programming/ROS2/learn-ros2/ros2_ws/build/my_cpp_pkg' returned '0': CMAKE_PREFIX_PATH=/opt/ros/humble /usr/bin/cmake --install /home/reino/Programming/ROS2/learn-ros2/ros2_ws/build/my_cpp_pkg
