[1.454s] DEBUG:colcon:Command line arguments: ['/usr/bin/colcon', 'build', '--packages-select', 'my_cpp_pkg']
[1.455s] DEBUG:colcon:Parsed command line arguments: Namespace(log_base=None, log_level=None, verb_name='build', build_base='build', install_base='install', merge_install=False, symlink_install=False, test_result_base=None, continue_on_error=False, executor='parallel', parallel_workers=8, event_handlers=None, ignore_user_meta=False, metas=['./colcon.meta'], base_paths=['.'], packages_ignore=None, packages_ignore_regex=None, paths=None, packages_up_to=None, packages_up_to_regex=None, packages_above=None, packages_above_and_dependencies=None, packages_above_depth=None, packages_select_by_dep=None, packages_skip_by_dep=None, packages_skip_up_to=None, packages_select_build_failed=False, packages_skip_build_finished=False, packages_select_test_failures=False, packages_skip_test_passed=False, packages_select=['my_cpp_pkg'], packages_skip=None, packages_select_regex=None, packages_skip_regex=None, packages_start=None, packages_end=None, allow_overriding=[], cmake_args=None, cmake_target=None, cmake_target_skip_unavailable=False, cmake_clean_cache=False, cmake_clean_first=False, cmake_force_configure=False, ament_cmake_args=None, catkin_cmake_args=None, catkin_skip_building_tests=False, verb_parser=<colcon_defaults.argument_parser.defaults.DefaultArgumentsDecorator object at 0x7f894f57d7e0>, verb_extension=<colcon_core.verb.build.BuildVerb object at 0x7f894f57e920>, main=<bound method BuildVerb.main of <colcon_core.verb.build.BuildVerb object at 0x7f894f57e920>>)
[1.520s] Level 1:colcon.colcon_core.package_discovery:discover_packages(colcon_meta) check parameters
[1.521s] Level 1:colcon.colcon_core.package_discovery:discover_packages(recursive) check parameters
[1.521s] Level 1:colcon.colcon_core.package_discovery:discover_packages(ignore) check parameters
[1.521s] Level 1:colcon.colcon_core.package_discovery:discover_packages(path) check parameters
[1.521s] Level 1:colcon.colcon_core.package_discovery:discover_packages(colcon_meta) discover
[1.521s] Level 1:colcon.colcon_core.package_discovery:discover_packages(recursive) discover
[1.521s] INFO:colcon.colcon_core.package_discovery:Crawling recursively for packages in '/home/reino/Programming/ROS2/learn-ros2/ros2_ws'
[1.521s] Level 1:colcon.colcon_core.package_identification:_identify(.) by extensions ['ignore', 'ignore_ament_install']
[1.521s] Level 1:colcon.colcon_core.package_identification:_identify(.) by extension 'ignore'
[1.521s] Level 1:colcon.colcon_core.package_identification:_identify(.) by extension 'ignore_ament_install'
[1.521s] Level 1:colcon.colcon_core.package_identification:_identify(.) by extensions ['colcon_pkg']
[1.521s] Level 1:colcon.colcon_core.package_identification:_identify(.) by extension 'colcon_pkg'
[1.522s] Level 1:colcon.colcon_core.package_identification:_identify(.) by extensions ['colcon_meta']
[1.522s] Level 1:colcon.colcon_core.package_identification:_identify(.) by extension 'colcon_meta'
[1.522s] Level 1:colcon.colcon_core.package_identification:_identify(.) by extensions ['ros']
[1.522s] Level 1:colcon.colcon_core.package_identification:_identify(.) by extension 'ros'
[1.539s] Level 1:colcon.colcon_core.package_identification:_identify(.) by extensions ['cmake', 'python']
[1.539s] Level 1:colcon.colcon_core.package_identification:_identify(.) by extension 'cmake'
[1.539s] Level 1:colcon.colcon_core.package_identification:_identify(.) by extension 'python'
[1.539s] Level 1:colcon.colcon_core.package_identification:_identify(.) by extensions ['python_setup_py']
[1.539s] Level 1:colcon.colcon_core.package_identification:_identify(.) by extension 'python_setup_py'
[1.540s] Level 1:colcon.colcon_core.package_identification:_identify(build) by extensions ['ignore', 'ignore_ament_install']
[1.540s] Level 1:colcon.colcon_core.package_identification:_identify(build) by extension 'ignore'
[1.540s] Level 1:colcon.colcon_core.package_identification:_identify(build) ignored
[1.540s] Level 1:colcon.colcon_core.package_identification:_identify(install) by extensions ['ignore', 'ignore_ament_install']
[1.541s] Level 1:colcon.colcon_core.package_identification:_identify(install) by extension 'ignore'
[1.541s] Level 1:colcon.colcon_core.package_identification:_identify(install) ignored
[1.541s] Level 1:colcon.colcon_core.package_identification:_identify(log) by extensions ['ignore', 'ignore_ament_install']
[1.541s] Level 1:colcon.colcon_core.package_identification:_identify(log) by extension 'ignore'
[1.541s] Level 1:colcon.colcon_core.package_identification:_identify(log) ignored
[1.542s] Level 1:colcon.colcon_core.package_identification:_identify(src) by extensions ['ignore', 'ignore_ament_install']
[1.542s] Level 1:colcon.colcon_core.package_identification:_identify(src) by extension 'ignore'
[1.542s] Level 1:colcon.colcon_core.package_identification:_identify(src) by extension 'ignore_ament_install'
[1.542s] Level 1:colcon.colcon_core.package_identification:_identify(src) by extensions ['colcon_pkg']
[1.542s] Level 1:colcon.colcon_core.package_identification:_identify(src) by extension 'colcon_pkg'
[1.542s] Level 1:colcon.colcon_core.package_identification:_identify(src) by extensions ['colcon_meta']
[1.543s] Level 1:colcon.colcon_core.package_identification:_identify(src) by extension 'colcon_meta'
[1.543s] Level 1:colcon.colcon_core.package_identification:_identify(src) by extensions ['ros']
[1.543s] Level 1:colcon.colcon_core.package_identification:_identify(src) by extension 'ros'
[1.543s] Level 1:colcon.colcon_core.package_identification:_identify(src) by extensions ['cmake', 'python']
[1.543s] Level 1:colcon.colcon_core.package_identification:_identify(src) by extension 'cmake'
[1.543s] Level 1:colcon.colcon_core.package_identification:_identify(src) by extension 'python'
[1.543s] Level 1:colcon.colcon_core.package_identification:_identify(src) by extensions ['python_setup_py']
[1.543s] Level 1:colcon.colcon_core.package_identification:_identify(src) by extension 'python_setup_py'
[1.544s] Level 1:colcon.colcon_core.package_identification:_identify(src/my_cpp_pkg) by extensions ['ignore', 'ignore_ament_install']
[1.544s] Level 1:colcon.colcon_core.package_identification:_identify(src/my_cpp_pkg) by extension 'ignore'
[1.544s] Level 1:colcon.colcon_core.package_identification:_identify(src/my_cpp_pkg) by extension 'ignore_ament_install'
[1.544s] Level 1:colcon.colcon_core.package_identification:_identify(src/my_cpp_pkg) by extensions ['colcon_pkg']
[1.544s] Level 1:colcon.colcon_core.package_identification:_identify(src/my_cpp_pkg) by extension 'colcon_pkg'
[1.544s] Level 1:colcon.colcon_core.package_identification:_identify(src/my_cpp_pkg) by extensions ['colcon_meta']
[1.545s] Level 1:colcon.colcon_core.package_identification:_identify(src/my_cpp_pkg) by extension 'colcon_meta'
[1.545s] Level 1:colcon.colcon_core.package_identification:_identify(src/my_cpp_pkg) by extensions ['ros']
[1.545s] Level 1:colcon.colcon_core.package_identification:_identify(src/my_cpp_pkg) by extension 'ros'
[1.550s] DEBUG:colcon.colcon_core.package_identification:Package 'src/my_cpp_pkg' with type 'ros.ament_cmake' and name 'my_cpp_pkg'
[1.551s] Level 1:colcon.colcon_core.package_identification:_identify(src/my_python_pkg) by extensions ['ignore', 'ignore_ament_install']
[1.551s] Level 1:colcon.colcon_core.package_identification:_identify(src/my_python_pkg) by extension 'ignore'
[1.551s] Level 1:colcon.colcon_core.package_identification:_identify(src/my_python_pkg) by extension 'ignore_ament_install'
[1.551s] Level 1:colcon.colcon_core.package_identification:_identify(src/my_python_pkg) by extensions ['colcon_pkg']
[1.551s] Level 1:colcon.colcon_core.package_identification:_identify(src/my_python_pkg) by extension 'colcon_pkg'
[1.552s] Level 1:colcon.colcon_core.package_identification:_identify(src/my_python_pkg) by extensions ['colcon_meta']
[1.552s] Level 1:colcon.colcon_core.package_identification:_identify(src/my_python_pkg) by extension 'colcon_meta'
[1.552s] Level 1:colcon.colcon_core.package_identification:_identify(src/my_python_pkg) by extensions ['ros']
[1.552s] Level 1:colcon.colcon_core.package_identification:_identify(src/my_python_pkg) by extension 'ros'
[1.553s] DEBUG:colcon.colcon_core.package_identification:Package 'src/my_python_pkg' with type 'ros.ament_python' and name 'my_python_pkg'
[1.553s] Level 1:colcon.colcon_core.package_discovery:discover_packages(recursive) using defaults
[1.553s] Level 1:colcon.colcon_core.package_discovery:discover_packages(ignore) discover
[1.553s] Level 1:colcon.colcon_core.package_discovery:discover_packages(ignore) using defaults
[1.553s] Level 1:colcon.colcon_core.package_discovery:discover_packages(path) discover
[1.553s] Level 1:colcon.colcon_core.package_discovery:discover_packages(path) using defaults
[1.658s] INFO:colcon.colcon_core.package_selection:Skipping not selected package 'my_python_pkg' in 'src/my_python_pkg'
[1.701s] Level 1:colcon.colcon_core.package_discovery:discover_packages(prefix_path) check parameters
[1.701s] Level 1:colcon.colcon_core.package_discovery:discover_packages(prefix_path) discover
[1.747s] DEBUG:colcon.colcon_installed_package_information.package_discovery:Found 2 installed packages in /home/reino/Programming/ROS2/learn-ros2/ros2_ws/install
[1.770s] DEBUG:colcon.colcon_installed_package_information.package_discovery:Found 270 installed packages in /opt/ros/humble
[1.772s] Level 1:colcon.colcon_core.package_discovery:discover_packages(prefix_path) using defaults
[1.925s] Level 5:colcon.colcon_core.verb:set package 'my_cpp_pkg' build argument 'cmake_args' from command line to 'None'
[1.925s] Level 5:colcon.colcon_core.verb:set package 'my_cpp_pkg' build argument 'cmake_target' from command line to 'None'
[1.925s] Level 5:colcon.colcon_core.verb:set package 'my_cpp_pkg' build argument 'cmake_target_skip_unavailable' from command line to 'False'
[1.925s] Level 5:colcon.colcon_core.verb:set package 'my_cpp_pkg' build argument 'cmake_clean_cache' from command line to 'False'
[1.925s] Level 5:colcon.colcon_core.verb:set package 'my_cpp_pkg' build argument 'cmake_clean_first' from command line to 'False'
[1.925s] Level 5:colcon.colcon_core.verb:set package 'my_cpp_pkg' build argument 'cmake_force_configure' from command line to 'False'
[1.925s] Level 5:colcon.colcon_core.verb:set package 'my_cpp_pkg' build argument 'ament_cmake_args' from command line to 'None'
[1.925s] Level 5:colcon.colcon_core.verb:set package 'my_cpp_pkg' build argument 'catkin_cmake_args' from command line to 'None'
[1.925s] Level 5:colcon.colcon_core.verb:set package 'my_cpp_pkg' build argument 'catkin_skip_building_tests' from command line to 'False'
[1.925s] DEBUG:colcon.colcon_core.verb:Building package 'my_cpp_pkg' with the following arguments: {'ament_cmake_args': None, 'build_base': '/home/reino/Programming/ROS2/learn-ros2/ros2_ws/build/my_cpp_pkg', 'catkin_cmake_args': None, 'catkin_skip_building_tests': False, 'cmake_args': None, 'cmake_clean_cache': False, 'cmake_clean_first': False, 'cmake_force_configure': False, 'cmake_target': None, 'cmake_target_skip_unavailable': False, 'install_base': '/home/reino/Programming/ROS2/learn-ros2/ros2_ws/install/my_cpp_pkg', 'merge_install': False, 'path': '/home/reino/Programming/ROS2/learn-ros2/ros2_ws/src/my_cpp_pkg', 'symlink_install': False, 'test_result_base': None}
[1.945s] INFO:colcon.colcon_core.executor:Executing jobs using 'parallel' executor
[1.965s] DEBUG:colcon.colcon_parallel_executor.executor.parallel:run_until_complete
[1.965s] INFO:colcon.colcon_ros.task.ament_cmake.build:Building ROS package in '/home/reino/Programming/ROS2/learn-ros2/ros2_ws/src/my_cpp_pkg' with build type 'ament_cmake'
[1.965s] INFO:colcon.colcon_cmake.task.cmake.build:Building CMake package in '/home/reino/Programming/ROS2/learn-ros2/ros2_ws/src/my_cpp_pkg'
[1.989s] INFO:colcon.colcon_core.plugin_system:Skipping extension 'colcon_core.shell.bat': Not used on non-Windows systems
[1.989s] INFO:colcon.colcon_core.shell:Skip shell extension 'powershell' for command environment: Not usable outside of PowerShell
[1.989s] DEBUG:colcon.colcon_core.shell:Skip shell extension 'dsv' for command environment
[2.066s] DEBUG:colcon.colcon_core.event_handler.log_command:Invoking command in '/home/reino/Programming/ROS2/learn-ros2/ros2_ws/build/my_cpp_pkg': CMAKE_PREFIX_PATH=${CMAKE_PREFIX_PATH}:/home/reino/Programming/ROS2/learn-ros2/ros2_ws/install/my_python_pkg:/opt/ros/humble /usr/bin/cmake --build /home/reino/Programming/ROS2/learn-ros2/ros2_ws/build/my_cpp_pkg -- -j8 -l8
[6.684s] DEBUG:colcon.colcon_core.event_handler.log_command:Invoked command in '/home/reino/Programming/ROS2/learn-ros2/ros2_ws/build/my_cpp_pkg' returned '0': CMAKE_PREFIX_PATH=${CMAKE_PREFIX_PATH}:/home/reino/Programming/ROS2/learn-ros2/ros2_ws/install/my_python_pkg:/opt/ros/humble /usr/bin/cmake --build /home/reino/Programming/ROS2/learn-ros2/ros2_ws/build/my_cpp_pkg -- -j8 -l8
[6.751s] DEBUG:colcon.colcon_core.event_handler.log_command:Invoking command in '/home/reino/Programming/ROS2/learn-ros2/ros2_ws/build/my_cpp_pkg': CMAKE_PREFIX_PATH=${CMAKE_PREFIX_PATH}:/home/reino/Programming/ROS2/learn-ros2/ros2_ws/install/my_python_pkg:/opt/ros/humble /usr/bin/cmake --install /home/reino/Programming/ROS2/learn-ros2/ros2_ws/build/my_cpp_pkg
[6.770s] Level 1:colcon.colcon_core.environment:create_environment_scripts_only(my_cpp_pkg)
[6.771s] DEBUG:colcon.colcon_core.event_handler.log_command:Invoked command in '/home/reino/Programming/ROS2/learn-ros2/ros2_ws/build/my_cpp_pkg' returned '0': CMAKE_PREFIX_PATH=${CMAKE_PREFIX_PATH}:/home/reino/Programming/ROS2/learn-ros2/ros2_ws/install/my_python_pkg:/opt/ros/humble /usr/bin/cmake --install /home/reino/Programming/ROS2/learn-ros2/ros2_ws/build/my_cpp_pkg
[6.797s] Level 1:colcon.colcon_core.environment:checking '/home/reino/Programming/ROS2/learn-ros2/ros2_ws/install/my_cpp_pkg' for CMake module files
[6.798s] Level 1:colcon.colcon_core.environment:checking '/home/reino/Programming/ROS2/learn-ros2/ros2_ws/install/my_cpp_pkg' for CMake config files
[6.799s] Level 1:colcon.colcon_core.shell:create_environment_hook('my_cpp_pkg', 'cmake_prefix_path')
[6.821s] INFO:colcon.colcon_core.shell:Creating environment hook '/home/reino/Programming/ROS2/learn-ros2/ros2_ws/install/my_cpp_pkg/share/my_cpp_pkg/hook/cmake_prefix_path.ps1'
[6.822s] INFO:colcon.colcon_core.shell:Creating environment descriptor '/home/reino/Programming/ROS2/learn-ros2/ros2_ws/install/my_cpp_pkg/share/my_cpp_pkg/hook/cmake_prefix_path.dsv'
[6.822s] INFO:colcon.colcon_core.shell:Creating environment hook '/home/reino/Programming/ROS2/learn-ros2/ros2_ws/install/my_cpp_pkg/share/my_cpp_pkg/hook/cmake_prefix_path.sh'
[6.824s] Level 1:colcon.colcon_core.environment:checking '/home/reino/Programming/ROS2/learn-ros2/ros2_ws/install/my_cpp_pkg/lib'
[6.824s] Level 1:colcon.colcon_core.environment:checking '/home/reino/Programming/ROS2/learn-ros2/ros2_ws/install/my_cpp_pkg/bin'
[6.824s] Level 1:colcon.colcon_core.environment:checking '/home/reino/Programming/ROS2/learn-ros2/ros2_ws/install/my_cpp_pkg/lib/pkgconfig/my_cpp_pkg.pc'
[6.824s] Level 1:colcon.colcon_core.environment:checking '/home/reino/Programming/ROS2/learn-ros2/ros2_ws/install/my_cpp_pkg/lib/python3.10/site-packages'
[6.824s] Level 1:colcon.colcon_core.environment:checking '/home/reino/Programming/ROS2/learn-ros2/ros2_ws/install/my_cpp_pkg/bin'
[6.847s] INFO:colcon.colcon_core.shell:Creating package script '/home/reino/Programming/ROS2/learn-ros2/ros2_ws/install/my_cpp_pkg/share/my_cpp_pkg/package.ps1'
[6.848s] INFO:colcon.colcon_core.shell:Creating package descriptor '/home/reino/Programming/ROS2/learn-ros2/ros2_ws/install/my_cpp_pkg/share/my_cpp_pkg/package.dsv'
[6.849s] INFO:colcon.colcon_core.shell:Creating package script '/home/reino/Programming/ROS2/learn-ros2/ros2_ws/install/my_cpp_pkg/share/my_cpp_pkg/package.sh'
[6.850s] INFO:colcon.colcon_core.shell:Creating package script '/home/reino/Programming/ROS2/learn-ros2/ros2_ws/install/my_cpp_pkg/share/my_cpp_pkg/package.bash'
[6.851s] INFO:colcon.colcon_core.shell:Creating package script '/home/reino/Programming/ROS2/learn-ros2/ros2_ws/install/my_cpp_pkg/share/my_cpp_pkg/package.zsh'
[6.852s] Level 1:colcon.colcon_core.environment:create_file_with_runtime_dependencies(/home/reino/Programming/ROS2/learn-ros2/ros2_ws/install/my_cpp_pkg/share/colcon-core/packages/my_cpp_pkg)
[6.941s] Level 1:colcon.colcon_core.environment:create_environment_scripts_only(my_cpp_pkg)
[6.964s] Level 1:colcon.colcon_core.environment:checking '/home/reino/Programming/ROS2/learn-ros2/ros2_ws/install/my_cpp_pkg' for CMake module files
[6.965s] Level 1:colcon.colcon_core.environment:checking '/home/reino/Programming/ROS2/learn-ros2/ros2_ws/install/my_cpp_pkg' for CMake config files
[6.966s] Level 1:colcon.colcon_core.shell:create_environment_hook('my_cpp_pkg', 'cmake_prefix_path')
[6.988s] INFO:colcon.colcon_core.shell:Creating environment hook '/home/reino/Programming/ROS2/learn-ros2/ros2_ws/install/my_cpp_pkg/share/my_cpp_pkg/hook/cmake_prefix_path.ps1'
[6.989s] INFO:colcon.colcon_core.shell:Creating environment descriptor '/home/reino/Programming/ROS2/learn-ros2/ros2_ws/install/my_cpp_pkg/share/my_cpp_pkg/hook/cmake_prefix_path.dsv'
[6.990s] INFO:colcon.colcon_core.shell:Creating environment hook '/home/reino/Programming/ROS2/learn-ros2/ros2_ws/install/my_cpp_pkg/share/my_cpp_pkg/hook/cmake_prefix_path.sh'
[6.990s] Level 1:colcon.colcon_core.environment:checking '/home/reino/Programming/ROS2/learn-ros2/ros2_ws/install/my_cpp_pkg/lib'
[6.991s] Level 1:colcon.colcon_core.environment:checking '/home/reino/Programming/ROS2/learn-ros2/ros2_ws/install/my_cpp_pkg/bin'
[6.991s] Level 1:colcon.colcon_core.environment:checking '/home/reino/Programming/ROS2/learn-ros2/ros2_ws/install/my_cpp_pkg/lib/pkgconfig/my_cpp_pkg.pc'
[6.991s] Level 1:colcon.colcon_core.environment:checking '/home/reino/Programming/ROS2/learn-ros2/ros2_ws/install/my_cpp_pkg/lib/python3.10/site-packages'
[6.991s] Level 1:colcon.colcon_core.environment:checking '/home/reino/Programming/ROS2/learn-ros2/ros2_ws/install/my_cpp_pkg/bin'
[7.018s] INFO:colcon.colcon_core.shell:Creating package script '/home/reino/Programming/ROS2/learn-ros2/ros2_ws/install/my_cpp_pkg/share/my_cpp_pkg/package.ps1'
[7.019s] INFO:colcon.colcon_core.shell:Creating package descriptor '/home/reino/Programming/ROS2/learn-ros2/ros2_ws/install/my_cpp_pkg/share/my_cpp_pkg/package.dsv'
[7.021s] INFO:colcon.colcon_core.shell:Creating package script '/home/reino/Programming/ROS2/learn-ros2/ros2_ws/install/my_cpp_pkg/share/my_cpp_pkg/package.sh'
[7.022s] INFO:colcon.colcon_core.shell:Creating package script '/home/reino/Programming/ROS2/learn-ros2/ros2_ws/install/my_cpp_pkg/share/my_cpp_pkg/package.bash'
[7.023s] INFO:colcon.colcon_core.shell:Creating package script '/home/reino/Programming/ROS2/learn-ros2/ros2_ws/install/my_cpp_pkg/share/my_cpp_pkg/package.zsh'
[7.024s] Level 1:colcon.colcon_core.environment:create_file_with_runtime_dependencies(/home/reino/Programming/ROS2/learn-ros2/ros2_ws/install/my_cpp_pkg/share/colcon-core/packages/my_cpp_pkg)
[7.024s] DEBUG:colcon.colcon_parallel_executor.executor.parallel:closing loop
[7.025s] DEBUG:colcon.colcon_parallel_executor.executor.parallel:loop closed
[7.025s] DEBUG:colcon.colcon_parallel_executor.executor.parallel:run_until_complete finished with '0'
[7.025s] DEBUG:colcon.colcon_core.event_reactor:joining thread
[7.062s] INFO:colcon.colcon_core.plugin_system:Skipping extension 'colcon_notification.desktop_notification.terminal_notifier': Not used on non-Darwin systems
[7.062s] INFO:colcon.colcon_core.plugin_system:Skipping extension 'colcon_notification.desktop_notification.win32': Not used on non-Windows systems
[7.062s] INFO:colcon.colcon_notification.desktop_notification:Sending desktop notification using 'notify2'
[7.086s] DEBUG:colcon.colcon_core.event_reactor:joined thread
[7.110s] INFO:colcon.colcon_core.shell:Creating prefix script '/home/reino/Programming/ROS2/learn-ros2/ros2_ws/install/local_setup.ps1'
[7.112s] INFO:colcon.colcon_core.shell:Creating prefix util module '/home/reino/Programming/ROS2/learn-ros2/ros2_ws/install/_local_setup_util_ps1.py'
[7.114s] INFO:colcon.colcon_core.shell:Creating prefix chain script '/home/reino/Programming/ROS2/learn-ros2/ros2_ws/install/setup.ps1'
[7.137s] INFO:colcon.colcon_core.shell:Creating prefix script '/home/reino/Programming/ROS2/learn-ros2/ros2_ws/install/local_setup.sh'
[7.137s] INFO:colcon.colcon_core.shell:Creating prefix util module '/home/reino/Programming/ROS2/learn-ros2/ros2_ws/install/_local_setup_util_sh.py'
[7.138s] INFO:colcon.colcon_core.shell:Creating prefix chain script '/home/reino/Programming/ROS2/learn-ros2/ros2_ws/install/setup.sh'
[7.162s] INFO:colcon.colcon_core.shell:Creating prefix script '/home/reino/Programming/ROS2/learn-ros2/ros2_ws/install/local_setup.bash'
[7.162s] INFO:colcon.colcon_core.shell:Creating prefix chain script '/home/reino/Programming/ROS2/learn-ros2/ros2_ws/install/setup.bash'
[7.184s] INFO:colcon.colcon_core.shell:Creating prefix script '/home/reino/Programming/ROS2/learn-ros2/ros2_ws/install/local_setup.zsh'
[7.185s] INFO:colcon.colcon_core.shell:Creating prefix chain script '/home/reino/Programming/ROS2/learn-ros2/ros2_ws/install/setup.zsh'
