[1.090s] Invoking command in '/home/reino/Programming/ROS2/learn-ros2/ros2_ws/src/my_python_pkg': PYTHONPATH=/home/reino/Programming/ROS2/learn-ros2/ros2_ws/build/my_python_pkg/prefix_override:/home/reino/Programming/ROS2/learn-ros2/ros2_ws/install/my_python_pkg/lib/python3.10/site-packages:${PYTHONPATH} /usr/bin/python3 setup.py egg_info --egg-base ../../build/my_python_pkg build --build-base /home/reino/Programming/ROS2/learn-ros2/ros2_ws/build/my_python_pkg/build install --record /home/reino/Programming/ROS2/learn-ros2/ros2_ws/build/my_python_pkg/install.log --single-version-externally-managed
[1.423s] running egg_info
[1.423s] writing ../../build/my_python_pkg/my_python_pkg.egg-info/PKG-INFO
[1.424s] writing dependency_links to ../../build/my_python_pkg/my_python_pkg.egg-info/dependency_links.txt
[1.424s] writing entry points to ../../build/my_python_pkg/my_python_pkg.egg-info/entry_points.txt
[1.424s] writing requirements to ../../build/my_python_pkg/my_python_pkg.egg-info/requires.txt
[1.425s] writing top-level names to ../../build/my_python_pkg/my_python_pkg.egg-info/top_level.txt
[1.427s] reading manifest file '../../build/my_python_pkg/my_python_pkg.egg-info/SOURCES.txt'
[1.428s] writing manifest file '../../build/my_python_pkg/my_python_pkg.egg-info/SOURCES.txt'
[1.428s] running build
[1.428s] running build_py
[1.428s] running install
[1.429s] running install_lib
[1.430s] running install_data
[1.431s] running install_egg_info
[1.434s] removing '/home/reino/Programming/ROS2/learn-ros2/ros2_ws/install/my_python_pkg/lib/python3.10/site-packages/my_python_pkg-0.0.0-py3.10.egg-info' (and everything under it)
[1.434s] Copying ../../build/my_python_pkg/my_python_pkg.egg-info to /home/reino/Programming/ROS2/learn-ros2/ros2_ws/install/my_python_pkg/lib/python3.10/site-packages/my_python_pkg-0.0.0-py3.10.egg-info
[1.436s] running install_scripts
[1.463s] writing list of installed files to '/home/reino/Programming/ROS2/learn-ros2/ros2_ws/build/my_python_pkg/install.log'
[1.508s] Invoked command in '/home/reino/Programming/ROS2/learn-ros2/ros2_ws/src/my_python_pkg' returned '0': PYTHONPATH=/home/reino/Programming/ROS2/learn-ros2/ros2_ws/build/my_python_pkg/prefix_override:/home/reino/Programming/ROS2/learn-ros2/ros2_ws/install/my_python_pkg/lib/python3.10/site-packages:${PYTHONPATH} /usr/bin/python3 setup.py egg_info --egg-base ../../build/my_python_pkg build --build-base /home/reino/Programming/ROS2/learn-ros2/ros2_ws/build/my_python_pkg/build install --record /home/reino/Programming/ROS2/learn-ros2/ros2_ws/build/my_python_pkg/install.log --single-version-externally-managed
