[1.120s] Invoking command in '/home/reino/Programming/ROS2/learn-ros2/ros2_ws/src/my_python_pkg': PYTHONPATH=/home/reino/Programming/ROS2/learn-ros2/ros2_ws/build/my_python_pkg/prefix_override:/home/reino/Programming/ROS2/learn-ros2/ros2_ws/install/my_python_pkg/lib/python3.10/site-packages:${PYTHONPATH} /usr/bin/python3 setup.py egg_info --egg-base ../../build/my_python_pkg build --build-base /home/reino/Programming/ROS2/learn-ros2/ros2_ws/build/my_python_pkg/build install --record /home/reino/Programming/ROS2/learn-ros2/ros2_ws/build/my_python_pkg/install.log --single-version-externally-managed
[1.464s] running egg_info
[1.465s] writing ../../build/my_python_pkg/my_python_pkg.egg-info/PKG-INFO
[1.465s] writing dependency_links to ../../build/my_python_pkg/my_python_pkg.egg-info/dependency_links.txt
[1.465s] writing entry points to ../../build/my_python_pkg/my_python_pkg.egg-info/entry_points.txt
[1.466s] writing requirements to ../../build/my_python_pkg/my_python_pkg.egg-info/requires.txt
[1.466s] writing top-level names to ../../build/my_python_pkg/my_python_pkg.egg-info/top_level.txt
[1.468s] reading manifest file '../../build/my_python_pkg/my_python_pkg.egg-info/SOURCES.txt'
[1.470s] writing manifest file '../../build/my_python_pkg/my_python_pkg.egg-info/SOURCES.txt'
[1.470s] running build
[1.470s] running build_py
[1.471s] copying my_python_pkg/my_first_python_node.py -> /home/reino/Programming/ROS2/learn-ros2/ros2_ws/build/my_python_pkg/build/lib/my_python_pkg
[1.471s] running install
[1.471s] running install_lib
[1.472s] copying /home/reino/Programming/ROS2/learn-ros2/ros2_ws/build/my_python_pkg/build/lib/my_python_pkg/my_first_python_node.py -> /home/reino/Programming/ROS2/learn-ros2/ros2_ws/install/my_python_pkg/lib/python3.10/site-packages/my_python_pkg
[1.473s] byte-compiling /home/reino/Programming/ROS2/learn-ros2/ros2_ws/install/my_python_pkg/lib/python3.10/site-packages/my_python_pkg/my_first_python_node.py to my_first_python_node.cpython-310.pyc
[1.473s] running install_data
[1.474s] running install_egg_info
[1.476s] removing '/home/reino/Programming/ROS2/learn-ros2/ros2_ws/install/my_python_pkg/lib/python3.10/site-packages/my_python_pkg-0.0.0-py3.10.egg-info' (and everything under it)
[1.476s] Copying ../../build/my_python_pkg/my_python_pkg.egg-info to /home/reino/Programming/ROS2/learn-ros2/ros2_ws/install/my_python_pkg/lib/python3.10/site-packages/my_python_pkg-0.0.0-py3.10.egg-info
[1.478s] running install_scripts
[1.505s] Installing py_node script to /home/reino/Programming/ROS2/learn-ros2/ros2_ws/install/my_python_pkg/lib/my_python_pkg
[1.505s] writing list of installed files to '/home/reino/Programming/ROS2/learn-ros2/ros2_ws/build/my_python_pkg/install.log'
[1.559s] Invoked command in '/home/reino/Programming/ROS2/learn-ros2/ros2_ws/src/my_python_pkg' returned '0': PYTHONPATH=/home/reino/Programming/ROS2/learn-ros2/ros2_ws/build/my_python_pkg/prefix_override:/home/reino/Programming/ROS2/learn-ros2/ros2_ws/install/my_python_pkg/lib/python3.10/site-packages:${PYTHONPATH} /usr/bin/python3 setup.py egg_info --egg-base ../../build/my_python_pkg build --build-base /home/reino/Programming/ROS2/learn-ros2/ros2_ws/build/my_python_pkg/build install --record /home/reino/Programming/ROS2/learn-ros2/ros2_ws/build/my_python_pkg/install.log --single-version-externally-managed
