[35m[1mConsolidate compiler generated dependencies of target cpp_node[0m
[ 50%] [32mBuilding CXX object CMakeFiles/cpp_node.dir/src/my_first_cpp_node.cpp.o[0m
[100%] [32m[1mLinking CXX executable cpp_node[0m
[100%] Built target cpp_node
-- Install configuration: ""
-- Installing: /home/reino/Programming/ROS2/learn-ros2/ros2_ws/install/my_cpp_pkg/lib/my_cpp_pkg/cpp_node
-- Set runtime path of "/home/reino/Programming/ROS2/learn-ros2/ros2_ws/install/my_cpp_pkg/lib/my_cpp_pkg/cpp_node" to ""
-- Up-to-date: /home/reino/Programming/ROS2/learn-ros2/ros2_ws/install/my_cpp_pkg/share/ament_index/resource_index/package_run_dependencies/my_cpp_pkg
-- Up-to-date: /home/reino/Programming/ROS2/learn-ros2/ros2_ws/install/my_cpp_pkg/share/ament_index/resource_index/parent_prefix_path/my_cpp_pkg
-- Up-to-date: /home/reino/Programming/ROS2/learn-ros2/ros2_ws/install/my_cpp_pkg/share/my_cpp_pkg/environment/ament_prefix_path.sh
-- Up-to-date: /home/reino/Programming/ROS2/learn-ros2/ros2_ws/install/my_cpp_pkg/share/my_cpp_pkg/environment/ament_prefix_path.dsv
-- Up-to-date: /home/reino/Programming/ROS2/learn-ros2/ros2_ws/install/my_cpp_pkg/share/my_cpp_pkg/environment/path.sh
-- Up-to-date: /home/reino/Programming/ROS2/learn-ros2/ros2_ws/install/my_cpp_pkg/share/my_cpp_pkg/environment/path.dsv
-- Up-to-date: /home/reino/Programming/ROS2/learn-ros2/ros2_ws/install/my_cpp_pkg/share/my_cpp_pkg/local_setup.bash
-- Up-to-date: /home/reino/Programming/ROS2/learn-ros2/ros2_ws/install/my_cpp_pkg/share/my_cpp_pkg/local_setup.sh
-- Up-to-date: /home/reino/Programming/ROS2/learn-ros2/ros2_ws/install/my_cpp_pkg/share/my_cpp_pkg/local_setup.zsh
-- Up-to-date: /home/reino/Programming/ROS2/learn-ros2/ros2_ws/install/my_cpp_pkg/share/my_cpp_pkg/local_setup.dsv
-- Installing: /home/reino/Programming/ROS2/learn-ros2/ros2_ws/install/my_cpp_pkg/share/my_cpp_pkg/package.dsv
-- Up-to-date: /home/reino/Programming/ROS2/learn-ros2/ros2_ws/install/my_cpp_pkg/share/ament_index/resource_index/packages/my_cpp_pkg
-- Up-to-date: /home/reino/Programming/ROS2/learn-ros2/ros2_ws/install/my_cpp_pkg/share/my_cpp_pkg/cmake/my_cpp_pkgConfig.cmake
-- Up-to-date: /home/reino/Programming/ROS2/learn-ros2/ros2_ws/install/my_cpp_pkg/share/my_cpp_pkg/cmake/my_cpp_pkgConfig-version.cmake
-- Up-to-date: /home/reino/Programming/ROS2/learn-ros2/ros2_ws/install/my_cpp_pkg/share/my_cpp_pkg/package.xml
