[0.100s] Invoking command in '/home/reino/Programming/ROS2/learn-ros2/ros2_ws/build/my_cpp_pkg': CMAKE_PREFIX_PATH=${CMAKE_PREFIX_PATH}:/home/reino/Programming/ROS2/learn-ros2/ros2_ws/install/my_python_pkg:/opt/ros/humble /usr/bin/cmake --build /home/reino/Programming/ROS2/learn-ros2/ros2_ws/build/my_cpp_pkg -- -j8 -l8
[0.186s] [35m[1mConsolidate compiler generated dependencies of target cpp_node[0m
[0.226s] [ 50%] [32mBuilding CXX object CMakeFiles/cpp_node.dir/src/my_first_cpp_node.cpp.o[0m
[4.451s] [100%] [32m[1mLinking CXX executable cpp_node[0m
[4.694s] [100%] Built target cpp_node
[4.716s] Invoked command in '/home/reino/Programming/ROS2/learn-ros2/ros2_ws/build/my_cpp_pkg' returned '0': CMAKE_PREFIX_PATH=${CMAKE_PREFIX_PATH}:/home/reino/Programming/ROS2/learn-ros2/ros2_ws/install/my_python_pkg:/opt/ros/humble /usr/bin/cmake --build /home/reino/Programming/ROS2/learn-ros2/ros2_ws/build/my_cpp_pkg -- -j8 -l8
[4.784s] Invoking command in '/home/reino/Programming/ROS2/learn-ros2/ros2_ws/build/my_cpp_pkg': CMAKE_PREFIX_PATH=${CMAKE_PREFIX_PATH}:/home/reino/Programming/ROS2/learn-ros2/ros2_ws/install/my_python_pkg:/opt/ros/humble /usr/bin/cmake --install /home/reino/Programming/ROS2/learn-ros2/ros2_ws/build/my_cpp_pkg
[4.797s] -- Install configuration: ""
[4.797s] -- Installing: /home/reino/Programming/ROS2/learn-ros2/ros2_ws/install/my_cpp_pkg/lib/my_cpp_pkg/cpp_node
[4.799s] -- Set runtime path of "/home/reino/Programming/ROS2/learn-ros2/ros2_ws/install/my_cpp_pkg/lib/my_cpp_pkg/cpp_node" to ""
[4.799s] -- Up-to-date: /home/reino/Programming/ROS2/learn-ros2/ros2_ws/install/my_cpp_pkg/share/ament_index/resource_index/package_run_dependencies/my_cpp_pkg
[4.799s] -- Up-to-date: /home/reino/Programming/ROS2/learn-ros2/ros2_ws/install/my_cpp_pkg/share/ament_index/resource_index/parent_prefix_path/my_cpp_pkg
[4.800s] -- Up-to-date: /home/reino/Programming/ROS2/learn-ros2/ros2_ws/install/my_cpp_pkg/share/my_cpp_pkg/environment/ament_prefix_path.sh
[4.800s] -- Up-to-date: /home/reino/Programming/ROS2/learn-ros2/ros2_ws/install/my_cpp_pkg/share/my_cpp_pkg/environment/ament_prefix_path.dsv
[4.800s] -- Up-to-date: /home/reino/Programming/ROS2/learn-ros2/ros2_ws/install/my_cpp_pkg/share/my_cpp_pkg/environment/path.sh
[4.800s] -- Up-to-date: /home/reino/Programming/ROS2/learn-ros2/ros2_ws/install/my_cpp_pkg/share/my_cpp_pkg/environment/path.dsv
[4.801s] -- Up-to-date: /home/reino/Programming/ROS2/learn-ros2/ros2_ws/install/my_cpp_pkg/share/my_cpp_pkg/local_setup.bash
[4.801s] -- Up-to-date: /home/reino/Programming/ROS2/learn-ros2/ros2_ws/install/my_cpp_pkg/share/my_cpp_pkg/local_setup.sh
[4.801s] -- Up-to-date: /home/reino/Programming/ROS2/learn-ros2/ros2_ws/install/my_cpp_pkg/share/my_cpp_pkg/local_setup.zsh
[4.801s] -- Up-to-date: /home/reino/Programming/ROS2/learn-ros2/ros2_ws/install/my_cpp_pkg/share/my_cpp_pkg/local_setup.dsv
[4.801s] -- Installing: /home/reino/Programming/ROS2/learn-ros2/ros2_ws/install/my_cpp_pkg/share/my_cpp_pkg/package.dsv
[4.802s] -- Up-to-date: /home/reino/Programming/ROS2/learn-ros2/ros2_ws/install/my_cpp_pkg/share/ament_index/resource_index/packages/my_cpp_pkg
[4.802s] -- Up-to-date: /home/reino/Programming/ROS2/learn-ros2/ros2_ws/install/my_cpp_pkg/share/my_cpp_pkg/cmake/my_cpp_pkgConfig.cmake
[4.802s] -- Up-to-date: /home/reino/Programming/ROS2/learn-ros2/ros2_ws/install/my_cpp_pkg/share/my_cpp_pkg/cmake/my_cpp_pkgConfig-version.cmake
[4.802s] -- Up-to-date: /home/reino/Programming/ROS2/learn-ros2/ros2_ws/install/my_cpp_pkg/share/my_cpp_pkg/package.xml
[4.804s] Invoked command in '/home/reino/Programming/ROS2/learn-ros2/ros2_ws/build/my_cpp_pkg' returned '0': CMAKE_PREFIX_PATH=${CMAKE_PREFIX_PATH}:/home/reino/Programming/ROS2/learn-ros2/ros2_ws/install/my_python_pkg:/opt/ros/humble /usr/bin/cmake --install /home/reino/Programming/ROS2/learn-ros2/ros2_ws/build/my_cpp_pkg
