[1.468s] DEBUG:colcon:Command line arguments: ['/usr/bin/colcon', 'build', '--packages-select', 'my_cpp_pkg']
[1.468s] DEBUG:colcon:Parsed command line arguments: Namespace(log_base=None, log_level=None, verb_name='build', build_base='build', install_base='install', merge_install=False, symlink_install=False, test_result_base=None, continue_on_error=False, executor='parallel', parallel_workers=8, event_handlers=None, ignore_user_meta=False, metas=['./colcon.meta'], base_paths=['.'], packages_ignore=None, packages_ignore_regex=None, paths=None, packages_up_to=None, packages_up_to_regex=None, packages_above=None, packages_above_and_dependencies=None, packages_above_depth=None, packages_select_by_dep=None, packages_skip_by_dep=None, packages_skip_up_to=None, packages_select_build_failed=False, packages_skip_build_finished=False, packages_select_test_failures=False, packages_skip_test_passed=False, packages_select=['my_cpp_pkg'], packages_skip=None, packages_select_regex=None, packages_skip_regex=None, packages_start=None, packages_end=None, allow_overriding=[], cmake_args=None, cmake_target=None, cmake_target_skip_unavailable=False, cmake_clean_cache=False, cmake_clean_first=False, cmake_force_configure=False, ament_cmake_args=None, catkin_cmake_args=None, catkin_skip_building_tests=False, verb_parser=<colcon_defaults.argument_parser.defaults.DefaultArgumentsDecorator object at 0x7f7680581810>, verb_extension=<colcon_core.verb.build.BuildVerb object at 0x7f7680583d90>, main=<bound method BuildVerb.main of <colcon_core.verb.build.BuildVerb object at 0x7f7680583d90>>)
[1.536s] Level 1:colcon.colcon_core.package_discovery:discover_packages(colcon_meta) check parameters
[1.536s] Level 1:colcon.colcon_core.package_discovery:discover_packages(recursive) check parameters
[1.536s] Level 1:colcon.colcon_core.package_discovery:discover_packages(ignore) check parameters
[1.537s] Level 1:colcon.colcon_core.package_discovery:discover_packages(path) check parameters
[1.537s] Level 1:colcon.colcon_core.package_discovery:discover_packages(colcon_meta) discover
[1.537s] Level 1:colcon.colcon_core.package_discovery:discover_packages(recursive) discover
[1.537s] INFO:colcon.colcon_core.package_discovery:Crawling recursively for packages in '/home/reino/Programming/ROS2/learn-ros2/ros2_ws'
[1.537s] Level 1:colcon.colcon_core.package_identification:_identify(.) by extensions ['ignore', 'ignore_ament_install']
[1.537s] Level 1:colcon.colcon_core.package_identification:_identify(.) by extension 'ignore'
[1.537s] Level 1:colcon.colcon_core.package_identification:_identify(.) by extension 'ignore_ament_install'
[1.537s] Level 1:colcon.colcon_core.package_identification:_identify(.) by extensions ['colcon_pkg']
[1.537s] Level 1:colcon.colcon_core.package_identification:_identify(.) by extension 'colcon_pkg'
[1.538s] Level 1:colcon.colcon_core.package_identification:_identify(.) by extensions ['colcon_meta']
[1.538s] Level 1:colcon.colcon_core.package_identification:_identify(.) by extension 'colcon_meta'
[1.538s] Level 1:colcon.colcon_core.package_identification:_identify(.) by extensions ['ros']
[1.538s] Level 1:colcon.colcon_core.package_identification:_identify(.) by extension 'ros'
[1.558s] Level 1:colcon.colcon_core.package_identification:_identify(.) by extensions ['cmake', 'python']
[1.558s] Level 1:colcon.colcon_core.package_identification:_identify(.) by extension 'cmake'
[1.558s] Level 1:colcon.colcon_core.package_identification:_identify(.) by extension 'python'
[1.558s] Level 1:colcon.colcon_core.package_identification:_identify(.) by extensions ['python_setup_py']
[1.558s] Level 1:colcon.colcon_core.package_identification:_identify(.) by extension 'python_setup_py'
[1.559s] Level 1:colcon.colcon_core.package_identification:_identify(build) by extensions ['ignore', 'ignore_ament_install']
[1.559s] Level 1:colcon.colcon_core.package_identification:_identify(build) by extension 'ignore'
[1.559s] Level 1:colcon.colcon_core.package_identification:_identify(build) ignored
[1.559s] Level 1:colcon.colcon_core.package_identification:_identify(install) by extensions ['ignore', 'ignore_ament_install']
[1.559s] Level 1:colcon.colcon_core.package_identification:_identify(install) by extension 'ignore'
[1.559s] Level 1:colcon.colcon_core.package_identification:_identify(install) ignored
[1.560s] Level 1:colcon.colcon_core.package_identification:_identify(log) by extensions ['ignore', 'ignore_ament_install']
[1.560s] Level 1:colcon.colcon_core.package_identification:_identify(log) by extension 'ignore'
[1.560s] Level 1:colcon.colcon_core.package_identification:_identify(log) ignored
[1.560s] Level 1:colcon.colcon_core.package_identification:_identify(src) by extensions ['ignore', 'ignore_ament_install']
[1.560s] Level 1:colcon.colcon_core.package_identification:_identify(src) by extension 'ignore'
[1.560s] Level 1:colcon.colcon_core.package_identification:_identify(src) by extension 'ignore_ament_install'
[1.560s] Level 1:colcon.colcon_core.package_identification:_identify(src) by extensions ['colcon_pkg']
[1.560s] Level 1:colcon.colcon_core.package_identification:_identify(src) by extension 'colcon_pkg'
[1.560s] Level 1:colcon.colcon_core.package_identification:_identify(src) by extensions ['colcon_meta']
[1.560s] Level 1:colcon.colcon_core.package_identification:_identify(src) by extension 'colcon_meta'
[1.561s] Level 1:colcon.colcon_core.package_identification:_identify(src) by extensions ['ros']
[1.561s] Level 1:colcon.colcon_core.package_identification:_identify(src) by extension 'ros'
[1.561s] Level 1:colcon.colcon_core.package_identification:_identify(src) by extensions ['cmake', 'python']
[1.561s] Level 1:colcon.colcon_core.package_identification:_identify(src) by extension 'cmake'
[1.561s] Level 1:colcon.colcon_core.package_identification:_identify(src) by extension 'python'
[1.561s] Level 1:colcon.colcon_core.package_identification:_identify(src) by extensions ['python_setup_py']
[1.561s] Level 1:colcon.colcon_core.package_identification:_identify(src) by extension 'python_setup_py'
[1.561s] Level 1:colcon.colcon_core.package_identification:_identify(src/my_cpp_pkg) by extensions ['ignore', 'ignore_ament_install']
[1.561s] Level 1:colcon.colcon_core.package_identification:_identify(src/my_cpp_pkg) by extension 'ignore'
[1.562s] Level 1:colcon.colcon_core.package_identification:_identify(src/my_cpp_pkg) by extension 'ignore_ament_install'
[1.562s] Level 1:colcon.colcon_core.package_identification:_identify(src/my_cpp_pkg) by extensions ['colcon_pkg']
[1.562s] Level 1:colcon.colcon_core.package_identification:_identify(src/my_cpp_pkg) by extension 'colcon_pkg'
[1.562s] Level 1:colcon.colcon_core.package_identification:_identify(src/my_cpp_pkg) by extensions ['colcon_meta']
[1.562s] Level 1:colcon.colcon_core.package_identification:_identify(src/my_cpp_pkg) by extension 'colcon_meta'
[1.562s] Level 1:colcon.colcon_core.package_identification:_identify(src/my_cpp_pkg) by extensions ['ros']
[1.562s] Level 1:colcon.colcon_core.package_identification:_identify(src/my_cpp_pkg) by extension 'ros'
[1.568s] DEBUG:colcon.colcon_core.package_identification:Package 'src/my_cpp_pkg' with type 'ros.ament_cmake' and name 'my_cpp_pkg'
[1.568s] Level 1:colcon.colcon_core.package_identification:_identify(src/my_python_pkg) by extensions ['ignore', 'ignore_ament_install']
[1.568s] Level 1:colcon.colcon_core.package_identification:_identify(src/my_python_pkg) by extension 'ignore'
[1.568s] Level 1:colcon.colcon_core.package_identification:_identify(src/my_python_pkg) by extension 'ignore_ament_install'
[1.569s] Level 1:colcon.colcon_core.package_identification:_identify(src/my_python_pkg) by extensions ['colcon_pkg']
[1.569s] Level 1:colcon.colcon_core.package_identification:_identify(src/my_python_pkg) by extension 'colcon_pkg'
[1.569s] Level 1:colcon.colcon_core.package_identification:_identify(src/my_python_pkg) by extensions ['colcon_meta']
[1.569s] Level 1:colcon.colcon_core.package_identification:_identify(src/my_python_pkg) by extension 'colcon_meta'
[1.569s] Level 1:colcon.colcon_core.package_identification:_identify(src/my_python_pkg) by extensions ['ros']
[1.569s] Level 1:colcon.colcon_core.package_identification:_identify(src/my_python_pkg) by extension 'ros'
[1.570s] DEBUG:colcon.colcon_core.package_identification:Package 'src/my_python_pkg' with type 'ros.ament_python' and name 'my_python_pkg'
[1.571s] Level 1:colcon.colcon_core.package_discovery:discover_packages(recursive) using defaults
[1.571s] Level 1:colcon.colcon_core.package_discovery:discover_packages(ignore) discover
[1.571s] Level 1:colcon.colcon_core.package_discovery:discover_packages(ignore) using defaults
[1.571s] Level 1:colcon.colcon_core.package_discovery:discover_packages(path) discover
[1.571s] Level 1:colcon.colcon_core.package_discovery:discover_packages(path) using defaults
[1.688s] INFO:colcon.colcon_core.package_selection:Skipping not selected package 'my_python_pkg' in 'src/my_python_pkg'
[1.735s] Level 1:colcon.colcon_core.package_discovery:discover_packages(prefix_path) check parameters
[1.735s] Level 1:colcon.colcon_core.package_discovery:discover_packages(prefix_path) discover
[1.779s] DEBUG:colcon.colcon_installed_package_information.package_discovery:Found 2 installed packages in /home/reino/Programming/ROS2/learn-ros2/ros2_ws/install
[1.803s] DEBUG:colcon.colcon_installed_package_information.package_discovery:Found 270 installed packages in /opt/ros/humble
[1.805s] Level 1:colcon.colcon_core.package_discovery:discover_packages(prefix_path) using defaults
[1.948s] Level 5:colcon.colcon_core.verb:set package 'my_cpp_pkg' build argument 'cmake_args' from command line to 'None'
[1.949s] Level 5:colcon.colcon_core.verb:set package 'my_cpp_pkg' build argument 'cmake_target' from command line to 'None'
[1.949s] Level 5:colcon.colcon_core.verb:set package 'my_cpp_pkg' build argument 'cmake_target_skip_unavailable' from command line to 'False'
[1.949s] Level 5:colcon.colcon_core.verb:set package 'my_cpp_pkg' build argument 'cmake_clean_cache' from command line to 'False'
[1.949s] Level 5:colcon.colcon_core.verb:set package 'my_cpp_pkg' build argument 'cmake_clean_first' from command line to 'False'
[1.949s] Level 5:colcon.colcon_core.verb:set package 'my_cpp_pkg' build argument 'cmake_force_configure' from command line to 'False'
[1.949s] Level 5:colcon.colcon_core.verb:set package 'my_cpp_pkg' build argument 'ament_cmake_args' from command line to 'None'
[1.949s] Level 5:colcon.colcon_core.verb:set package 'my_cpp_pkg' build argument 'catkin_cmake_args' from command line to 'None'
[1.949s] Level 5:colcon.colcon_core.verb:set package 'my_cpp_pkg' build argument 'catkin_skip_building_tests' from command line to 'False'
[1.949s] DEBUG:colcon.colcon_core.verb:Building package 'my_cpp_pkg' with the following arguments: {'ament_cmake_args': None, 'build_base': '/home/reino/Programming/ROS2/learn-ros2/ros2_ws/build/my_cpp_pkg', 'catkin_cmake_args': None, 'catkin_skip_building_tests': False, 'cmake_args': None, 'cmake_clean_cache': False, 'cmake_clean_first': False, 'cmake_force_configure': False, 'cmake_target': None, 'cmake_target_skip_unavailable': False, 'install_base': '/home/reino/Programming/ROS2/learn-ros2/ros2_ws/install/my_cpp_pkg', 'merge_install': False, 'path': '/home/reino/Programming/ROS2/learn-ros2/ros2_ws/src/my_cpp_pkg', 'symlink_install': False, 'test_result_base': None}
[1.971s] INFO:colcon.colcon_core.executor:Executing jobs using 'parallel' executor
[1.994s] DEBUG:colcon.colcon_parallel_executor.executor.parallel:run_until_complete
[1.994s] INFO:colcon.colcon_ros.task.ament_cmake.build:Building ROS package in '/home/reino/Programming/ROS2/learn-ros2/ros2_ws/src/my_cpp_pkg' with build type 'ament_cmake'
[1.994s] INFO:colcon.colcon_cmake.task.cmake.build:Building CMake package in '/home/reino/Programming/ROS2/learn-ros2/ros2_ws/src/my_cpp_pkg'
[2.023s] INFO:colcon.colcon_core.plugin_system:Skipping extension 'colcon_core.shell.bat': Not used on non-Windows systems
[2.023s] INFO:colcon.colcon_core.shell:Skip shell extension 'powershell' for command environment: Not usable outside of PowerShell
[2.023s] DEBUG:colcon.colcon_core.shell:Skip shell extension 'dsv' for command environment
[2.109s] DEBUG:colcon.colcon_core.event_handler.log_command:Invoking command in '/home/reino/Programming/ROS2/learn-ros2/ros2_ws/build/my_cpp_pkg': CMAKE_PREFIX_PATH=${CMAKE_PREFIX_PATH}:/home/reino/Programming/ROS2/learn-ros2/ros2_ws/install/my_python_pkg:/opt/ros/humble /usr/bin/cmake --build /home/reino/Programming/ROS2/learn-ros2/ros2_ws/build/my_cpp_pkg -- -j8 -l8
[6.747s] DEBUG:colcon.colcon_core.event_handler.log_command:Invoked command in '/home/reino/Programming/ROS2/learn-ros2/ros2_ws/build/my_cpp_pkg' returned '0': CMAKE_PREFIX_PATH=${CMAKE_PREFIX_PATH}:/home/reino/Programming/ROS2/learn-ros2/ros2_ws/install/my_python_pkg:/opt/ros/humble /usr/bin/cmake --build /home/reino/Programming/ROS2/learn-ros2/ros2_ws/build/my_cpp_pkg -- -j8 -l8
[6.818s] DEBUG:colcon.colcon_core.event_handler.log_command:Invoking command in '/home/reino/Programming/ROS2/learn-ros2/ros2_ws/build/my_cpp_pkg': CMAKE_PREFIX_PATH=${CMAKE_PREFIX_PATH}:/home/reino/Programming/ROS2/learn-ros2/ros2_ws/install/my_python_pkg:/opt/ros/humble /usr/bin/cmake --install /home/reino/Programming/ROS2/learn-ros2/ros2_ws/build/my_cpp_pkg
[6.838s] Level 1:colcon.colcon_core.environment:create_environment_scripts_only(my_cpp_pkg)
[6.839s] DEBUG:colcon.colcon_core.event_handler.log_command:Invoked command in '/home/reino/Programming/ROS2/learn-ros2/ros2_ws/build/my_cpp_pkg' returned '0': CMAKE_PREFIX_PATH=${CMAKE_PREFIX_PATH}:/home/reino/Programming/ROS2/learn-ros2/ros2_ws/install/my_python_pkg:/opt/ros/humble /usr/bin/cmake --install /home/reino/Programming/ROS2/learn-ros2/ros2_ws/build/my_cpp_pkg
[6.866s] Level 1:colcon.colcon_core.environment:checking '/home/reino/Programming/ROS2/learn-ros2/ros2_ws/install/my_cpp_pkg' for CMake module files
[6.867s] Level 1:colcon.colcon_core.environment:checking '/home/reino/Programming/ROS2/learn-ros2/ros2_ws/install/my_cpp_pkg' for CMake config files
[6.868s] Level 1:colcon.colcon_core.shell:create_environment_hook('my_cpp_pkg', 'cmake_prefix_path')
[6.894s] INFO:colcon.colcon_core.shell:Creating environment hook '/home/reino/Programming/ROS2/learn-ros2/ros2_ws/install/my_cpp_pkg/share/my_cpp_pkg/hook/cmake_prefix_path.ps1'
[6.895s] INFO:colcon.colcon_core.shell:Creating environment descriptor '/home/reino/Programming/ROS2/learn-ros2/ros2_ws/install/my_cpp_pkg/share/my_cpp_pkg/hook/cmake_prefix_path.dsv'
[6.896s] INFO:colcon.colcon_core.shell:Creating environment hook '/home/reino/Programming/ROS2/learn-ros2/ros2_ws/install/my_cpp_pkg/share/my_cpp_pkg/hook/cmake_prefix_path.sh'
[6.898s] Level 1:colcon.colcon_core.environment:checking '/home/reino/Programming/ROS2/learn-ros2/ros2_ws/install/my_cpp_pkg/lib'
[6.899s] Level 1:colcon.colcon_core.environment:checking '/home/reino/Programming/ROS2/learn-ros2/ros2_ws/install/my_cpp_pkg/bin'
[6.899s] Level 1:colcon.colcon_core.environment:checking '/home/reino/Programming/ROS2/learn-ros2/ros2_ws/install/my_cpp_pkg/lib/pkgconfig/my_cpp_pkg.pc'
[6.899s] Level 1:colcon.colcon_core.environment:checking '/home/reino/Programming/ROS2/learn-ros2/ros2_ws/install/my_cpp_pkg/lib/python3.10/site-packages'
[6.900s] Level 1:colcon.colcon_core.environment:checking '/home/reino/Programming/ROS2/learn-ros2/ros2_ws/install/my_cpp_pkg/bin'
[6.924s] INFO:colcon.colcon_core.shell:Creating package script '/home/reino/Programming/ROS2/learn-ros2/ros2_ws/install/my_cpp_pkg/share/my_cpp_pkg/package.ps1'
[6.925s] INFO:colcon.colcon_core.shell:Creating package descriptor '/home/reino/Programming/ROS2/learn-ros2/ros2_ws/install/my_cpp_pkg/share/my_cpp_pkg/package.dsv'
[6.926s] INFO:colcon.colcon_core.shell:Creating package script '/home/reino/Programming/ROS2/learn-ros2/ros2_ws/install/my_cpp_pkg/share/my_cpp_pkg/package.sh'
[6.927s] INFO:colcon.colcon_core.shell:Creating package script '/home/reino/Programming/ROS2/learn-ros2/ros2_ws/install/my_cpp_pkg/share/my_cpp_pkg/package.bash'
[6.928s] INFO:colcon.colcon_core.shell:Creating package script '/home/reino/Programming/ROS2/learn-ros2/ros2_ws/install/my_cpp_pkg/share/my_cpp_pkg/package.zsh'
[6.929s] Level 1:colcon.colcon_core.environment:create_file_with_runtime_dependencies(/home/reino/Programming/ROS2/learn-ros2/ros2_ws/install/my_cpp_pkg/share/colcon-core/packages/my_cpp_pkg)
[7.004s] Level 1:colcon.colcon_core.environment:create_environment_scripts_only(my_cpp_pkg)
[7.025s] Level 1:colcon.colcon_core.environment:checking '/home/reino/Programming/ROS2/learn-ros2/ros2_ws/install/my_cpp_pkg' for CMake module files
[7.026s] Level 1:colcon.colcon_core.environment:checking '/home/reino/Programming/ROS2/learn-ros2/ros2_ws/install/my_cpp_pkg' for CMake config files
[7.026s] Level 1:colcon.colcon_core.shell:create_environment_hook('my_cpp_pkg', 'cmake_prefix_path')
[7.046s] INFO:colcon.colcon_core.shell:Creating environment hook '/home/reino/Programming/ROS2/learn-ros2/ros2_ws/install/my_cpp_pkg/share/my_cpp_pkg/hook/cmake_prefix_path.ps1'
[7.047s] INFO:colcon.colcon_core.shell:Creating environment descriptor '/home/reino/Programming/ROS2/learn-ros2/ros2_ws/install/my_cpp_pkg/share/my_cpp_pkg/hook/cmake_prefix_path.dsv'
[7.048s] INFO:colcon.colcon_core.shell:Creating environment hook '/home/reino/Programming/ROS2/learn-ros2/ros2_ws/install/my_cpp_pkg/share/my_cpp_pkg/hook/cmake_prefix_path.sh'
[7.049s] Level 1:colcon.colcon_core.environment:checking '/home/reino/Programming/ROS2/learn-ros2/ros2_ws/install/my_cpp_pkg/lib'
[7.049s] Level 1:colcon.colcon_core.environment:checking '/home/reino/Programming/ROS2/learn-ros2/ros2_ws/install/my_cpp_pkg/bin'
[7.049s] Level 1:colcon.colcon_core.environment:checking '/home/reino/Programming/ROS2/learn-ros2/ros2_ws/install/my_cpp_pkg/lib/pkgconfig/my_cpp_pkg.pc'
[7.050s] Level 1:colcon.colcon_core.environment:checking '/home/reino/Programming/ROS2/learn-ros2/ros2_ws/install/my_cpp_pkg/lib/python3.10/site-packages'
[7.050s] Level 1:colcon.colcon_core.environment:checking '/home/reino/Programming/ROS2/learn-ros2/ros2_ws/install/my_cpp_pkg/bin'
[7.072s] INFO:colcon.colcon_core.shell:Creating package script '/home/reino/Programming/ROS2/learn-ros2/ros2_ws/install/my_cpp_pkg/share/my_cpp_pkg/package.ps1'
[7.073s] INFO:colcon.colcon_core.shell:Creating package descriptor '/home/reino/Programming/ROS2/learn-ros2/ros2_ws/install/my_cpp_pkg/share/my_cpp_pkg/package.dsv'
[7.073s] INFO:colcon.colcon_core.shell:Creating package script '/home/reino/Programming/ROS2/learn-ros2/ros2_ws/install/my_cpp_pkg/share/my_cpp_pkg/package.sh'
[7.074s] INFO:colcon.colcon_core.shell:Creating package script '/home/reino/Programming/ROS2/learn-ros2/ros2_ws/install/my_cpp_pkg/share/my_cpp_pkg/package.bash'
[7.074s] INFO:colcon.colcon_core.shell:Creating package script '/home/reino/Programming/ROS2/learn-ros2/ros2_ws/install/my_cpp_pkg/share/my_cpp_pkg/package.zsh'
[7.075s] Level 1:colcon.colcon_core.environment:create_file_with_runtime_dependencies(/home/reino/Programming/ROS2/learn-ros2/ros2_ws/install/my_cpp_pkg/share/colcon-core/packages/my_cpp_pkg)
[7.075s] DEBUG:colcon.colcon_parallel_executor.executor.parallel:closing loop
[7.075s] DEBUG:colcon.colcon_parallel_executor.executor.parallel:loop closed
[7.075s] DEBUG:colcon.colcon_parallel_executor.executor.parallel:run_until_complete finished with '0'
[7.075s] DEBUG:colcon.colcon_core.event_reactor:joining thread
[7.111s] INFO:colcon.colcon_core.plugin_system:Skipping extension 'colcon_notification.desktop_notification.terminal_notifier': Not used on non-Darwin systems
[7.111s] INFO:colcon.colcon_core.plugin_system:Skipping extension 'colcon_notification.desktop_notification.win32': Not used on non-Windows systems
[7.111s] INFO:colcon.colcon_notification.desktop_notification:Sending desktop notification using 'notify2'
[7.134s] DEBUG:colcon.colcon_core.event_reactor:joined thread
[7.158s] INFO:colcon.colcon_core.shell:Creating prefix script '/home/reino/Programming/ROS2/learn-ros2/ros2_ws/install/local_setup.ps1'
[7.160s] INFO:colcon.colcon_core.shell:Creating prefix util module '/home/reino/Programming/ROS2/learn-ros2/ros2_ws/install/_local_setup_util_ps1.py'
[7.162s] INFO:colcon.colcon_core.shell:Creating prefix chain script '/home/reino/Programming/ROS2/learn-ros2/ros2_ws/install/setup.ps1'
[7.188s] INFO:colcon.colcon_core.shell:Creating prefix script '/home/reino/Programming/ROS2/learn-ros2/ros2_ws/install/local_setup.sh'
[7.189s] INFO:colcon.colcon_core.shell:Creating prefix util module '/home/reino/Programming/ROS2/learn-ros2/ros2_ws/install/_local_setup_util_sh.py'
[7.190s] INFO:colcon.colcon_core.shell:Creating prefix chain script '/home/reino/Programming/ROS2/learn-ros2/ros2_ws/install/setup.sh'
[7.215s] INFO:colcon.colcon_core.shell:Creating prefix script '/home/reino/Programming/ROS2/learn-ros2/ros2_ws/install/local_setup.bash'
[7.216s] INFO:colcon.colcon_core.shell:Creating prefix chain script '/home/reino/Programming/ROS2/learn-ros2/ros2_ws/install/setup.bash'
[7.242s] INFO:colcon.colcon_core.shell:Creating prefix script '/home/reino/Programming/ROS2/learn-ros2/ros2_ws/install/local_setup.zsh'
[7.243s] INFO:colcon.colcon_core.shell:Creating prefix chain script '/home/reino/Programming/ROS2/learn-ros2/ros2_ws/install/setup.zsh'
