[2.003s] DEBUG:colcon:Command line arguments: ['/usr/bin/colcon', 'list', '-p', '--base-paths', '/home/reino/Programming/ROS2/learn-ros2/ros2_ws']
[2.003s] DEBUG:colcon:Parsed command line arguments: Namespace(log_base=None, log_level=None, verb_name='list', build_base='build', ignore_user_meta=False, metas=['./colcon.meta'], base_paths=['/home/reino/Programming/ROS2/learn-ros2/ros2_ws'], packages_ignore=None, packages_ignore_regex=None, paths=None, packages_up_to=None, packages_up_to_regex=None, packages_above=None, packages_above_and_dependencies=None, packages_above_depth=None, packages_select_by_dep=None, packages_skip_by_dep=None, packages_skip_up_to=None, packages_select_build_failed=False, packages_skip_build_finished=False, packages_select_test_failures=False, packages_skip_test_passed=False, packages_select=None, packages_skip=None, packages_select_regex=None, packages_skip_regex=None, packages_start=None, packages_end=None, allow_overriding=[], topological_order=False, names_only=False, paths_only=True, topological_graph=False, topological_graph_dot=False, topological_graph_density=False, topological_graph_legend=False, topological_graph_dot_cluster=False, topological_graph_dot_include_skipped=False, verb_parser=<colcon_defaults.argument_parser.defaults.DefaultArgumentsDecorator object at 0x7f92056b8e80>, verb_extension=<colcon_package_information.verb.list.ListVerb object at 0x7f92056bb040>, main=<bound method ListVerb.main of <colcon_package_information.verb.list.ListVerb object at 0x7f92056bb040>>)
[2.122s] Level 1:colcon.colcon_core.package_discovery:discover_packages(colcon_meta) check parameters
[2.122s] Level 1:colcon.colcon_core.package_discovery:discover_packages(recursive) check parameters
[2.122s] Level 1:colcon.colcon_core.package_discovery:discover_packages(ignore) check parameters
[2.122s] Level 1:colcon.colcon_core.package_discovery:discover_packages(path) check parameters
[2.122s] Level 1:colcon.colcon_core.package_discovery:discover_packages(recursive) discover
[2.122s] INFO:colcon.colcon_core.package_discovery:Crawling recursively for packages in '/home/reino/Programming/ROS2/learn-ros2/ros2_ws'
[2.123s] Level 1:colcon.colcon_core.package_identification:_identify(/home/reino/Programming/ROS2/learn-ros2/ros2_ws) by extensions ['ignore', 'ignore_ament_install']
[2.123s] Level 1:colcon.colcon_core.package_identification:_identify(/home/reino/Programming/ROS2/learn-ros2/ros2_ws) by extension 'ignore'
[2.123s] Level 1:colcon.colcon_core.package_identification:_identify(/home/reino/Programming/ROS2/learn-ros2/ros2_ws) by extension 'ignore_ament_install'
[2.123s] Level 1:colcon.colcon_core.package_identification:_identify(/home/reino/Programming/ROS2/learn-ros2/ros2_ws) by extensions ['colcon_pkg']
[2.123s] Level 1:colcon.colcon_core.package_identification:_identify(/home/reino/Programming/ROS2/learn-ros2/ros2_ws) by extension 'colcon_pkg'
[2.123s] Level 1:colcon.colcon_core.package_identification:_identify(/home/reino/Programming/ROS2/learn-ros2/ros2_ws) by extensions ['colcon_meta']
[2.124s] Level 1:colcon.colcon_core.package_identification:_identify(/home/reino/Programming/ROS2/learn-ros2/ros2_ws) by extension 'colcon_meta'
[2.124s] Level 1:colcon.colcon_core.package_identification:_identify(/home/reino/Programming/ROS2/learn-ros2/ros2_ws) by extensions ['ros']
[2.124s] Level 1:colcon.colcon_core.package_identification:_identify(/home/reino/Programming/ROS2/learn-ros2/ros2_ws) by extension 'ros'
[2.144s] Level 1:colcon.colcon_core.package_identification:_identify(/home/reino/Programming/ROS2/learn-ros2/ros2_ws) by extensions ['cmake', 'python']
[2.144s] Level 1:colcon.colcon_core.package_identification:_identify(/home/reino/Programming/ROS2/learn-ros2/ros2_ws) by extension 'cmake'
[2.145s] Level 1:colcon.colcon_core.package_identification:_identify(/home/reino/Programming/ROS2/learn-ros2/ros2_ws) by extension 'python'
[2.145s] Level 1:colcon.colcon_core.package_identification:_identify(/home/reino/Programming/ROS2/learn-ros2/ros2_ws) by extensions ['python_setup_py']
[2.145s] Level 1:colcon.colcon_core.package_identification:_identify(/home/reino/Programming/ROS2/learn-ros2/ros2_ws) by extension 'python_setup_py'
[2.145s] Level 1:colcon.colcon_core.package_identification:_identify(/home/reino/Programming/ROS2/learn-ros2/ros2_ws/build) by extensions ['ignore', 'ignore_ament_install']
[2.145s] Level 1:colcon.colcon_core.package_identification:_identify(/home/reino/Programming/ROS2/learn-ros2/ros2_ws/build) by extension 'ignore'
[2.145s] Level 1:colcon.colcon_core.package_identification:_identify(/home/reino/Programming/ROS2/learn-ros2/ros2_ws/build) ignored
[2.146s] Level 1:colcon.colcon_core.package_identification:_identify(/home/reino/Programming/ROS2/learn-ros2/ros2_ws/install) by extensions ['ignore', 'ignore_ament_install']
[2.146s] Level 1:colcon.colcon_core.package_identification:_identify(/home/reino/Programming/ROS2/learn-ros2/ros2_ws/install) by extension 'ignore'
[2.146s] Level 1:colcon.colcon_core.package_identification:_identify(/home/reino/Programming/ROS2/learn-ros2/ros2_ws/install) ignored
[2.147s] Level 1:colcon.colcon_core.package_identification:_identify(/home/reino/Programming/ROS2/learn-ros2/ros2_ws/log) by extensions ['ignore', 'ignore_ament_install']
[2.147s] Level 1:colcon.colcon_core.package_identification:_identify(/home/reino/Programming/ROS2/learn-ros2/ros2_ws/log) by extension 'ignore'
[2.147s] Level 1:colcon.colcon_core.package_identification:_identify(/home/reino/Programming/ROS2/learn-ros2/ros2_ws/log) ignored
[2.147s] Level 1:colcon.colcon_core.package_identification:_identify(/home/reino/Programming/ROS2/learn-ros2/ros2_ws/src) by extensions ['ignore', 'ignore_ament_install']
[2.148s] Level 1:colcon.colcon_core.package_identification:_identify(/home/reino/Programming/ROS2/learn-ros2/ros2_ws/src) by extension 'ignore'
[2.148s] Level 1:colcon.colcon_core.package_identification:_identify(/home/reino/Programming/ROS2/learn-ros2/ros2_ws/src) by extension 'ignore_ament_install'
[2.148s] Level 1:colcon.colcon_core.package_identification:_identify(/home/reino/Programming/ROS2/learn-ros2/ros2_ws/src) by extensions ['colcon_pkg']
[2.148s] Level 1:colcon.colcon_core.package_identification:_identify(/home/reino/Programming/ROS2/learn-ros2/ros2_ws/src) by extension 'colcon_pkg'
[2.148s] Level 1:colcon.colcon_core.package_identification:_identify(/home/reino/Programming/ROS2/learn-ros2/ros2_ws/src) by extensions ['colcon_meta']
[2.148s] Level 1:colcon.colcon_core.package_identification:_identify(/home/reino/Programming/ROS2/learn-ros2/ros2_ws/src) by extension 'colcon_meta'
[2.148s] Level 1:colcon.colcon_core.package_identification:_identify(/home/reino/Programming/ROS2/learn-ros2/ros2_ws/src) by extensions ['ros']
[2.148s] Level 1:colcon.colcon_core.package_identification:_identify(/home/reino/Programming/ROS2/learn-ros2/ros2_ws/src) by extension 'ros'
[2.149s] Level 1:colcon.colcon_core.package_identification:_identify(/home/reino/Programming/ROS2/learn-ros2/ros2_ws/src) by extensions ['cmake', 'python']
[2.149s] Level 1:colcon.colcon_core.package_identification:_identify(/home/reino/Programming/ROS2/learn-ros2/ros2_ws/src) by extension 'cmake'
[2.149s] Level 1:colcon.colcon_core.package_identification:_identify(/home/reino/Programming/ROS2/learn-ros2/ros2_ws/src) by extension 'python'
[2.149s] Level 1:colcon.colcon_core.package_identification:_identify(/home/reino/Programming/ROS2/learn-ros2/ros2_ws/src) by extensions ['python_setup_py']
[2.149s] Level 1:colcon.colcon_core.package_identification:_identify(/home/reino/Programming/ROS2/learn-ros2/ros2_ws/src) by extension 'python_setup_py'
[2.149s] Level 1:colcon.colcon_core.package_identification:_identify(/home/reino/Programming/ROS2/learn-ros2/ros2_ws/src/my_cpp_pkg) by extensions ['ignore', 'ignore_ament_install']
[2.150s] Level 1:colcon.colcon_core.package_identification:_identify(/home/reino/Programming/ROS2/learn-ros2/ros2_ws/src/my_cpp_pkg) by extension 'ignore'
[2.150s] Level 1:colcon.colcon_core.package_identification:_identify(/home/reino/Programming/ROS2/learn-ros2/ros2_ws/src/my_cpp_pkg) by extension 'ignore_ament_install'
[2.150s] Level 1:colcon.colcon_core.package_identification:_identify(/home/reino/Programming/ROS2/learn-ros2/ros2_ws/src/my_cpp_pkg) by extensions ['colcon_pkg']
[2.150s] Level 1:colcon.colcon_core.package_identification:_identify(/home/reino/Programming/ROS2/learn-ros2/ros2_ws/src/my_cpp_pkg) by extension 'colcon_pkg'
[2.150s] Level 1:colcon.colcon_core.package_identification:_identify(/home/reino/Programming/ROS2/learn-ros2/ros2_ws/src/my_cpp_pkg) by extensions ['colcon_meta']
[2.150s] Level 1:colcon.colcon_core.package_identification:_identify(/home/reino/Programming/ROS2/learn-ros2/ros2_ws/src/my_cpp_pkg) by extension 'colcon_meta'
[2.150s] Level 1:colcon.colcon_core.package_identification:_identify(/home/reino/Programming/ROS2/learn-ros2/ros2_ws/src/my_cpp_pkg) by extensions ['ros']
[2.151s] Level 1:colcon.colcon_core.package_identification:_identify(/home/reino/Programming/ROS2/learn-ros2/ros2_ws/src/my_cpp_pkg) by extension 'ros'
[2.157s] DEBUG:colcon.colcon_core.package_identification:Package '/home/reino/Programming/ROS2/learn-ros2/ros2_ws/src/my_cpp_pkg' with type 'ros.ament_cmake' and name 'my_cpp_pkg'
[2.157s] Level 1:colcon.colcon_core.package_identification:_identify(/home/reino/Programming/ROS2/learn-ros2/ros2_ws/src/my_python_pkg) by extensions ['ignore', 'ignore_ament_install']
[2.158s] Level 1:colcon.colcon_core.package_identification:_identify(/home/reino/Programming/ROS2/learn-ros2/ros2_ws/src/my_python_pkg) by extension 'ignore'
[2.158s] Level 1:colcon.colcon_core.package_identification:_identify(/home/reino/Programming/ROS2/learn-ros2/ros2_ws/src/my_python_pkg) by extension 'ignore_ament_install'
[2.158s] Level 1:colcon.colcon_core.package_identification:_identify(/home/reino/Programming/ROS2/learn-ros2/ros2_ws/src/my_python_pkg) by extensions ['colcon_pkg']
[2.158s] Level 1:colcon.colcon_core.package_identification:_identify(/home/reino/Programming/ROS2/learn-ros2/ros2_ws/src/my_python_pkg) by extension 'colcon_pkg'
[2.158s] Level 1:colcon.colcon_core.package_identification:_identify(/home/reino/Programming/ROS2/learn-ros2/ros2_ws/src/my_python_pkg) by extensions ['colcon_meta']
[2.158s] Level 1:colcon.colcon_core.package_identification:_identify(/home/reino/Programming/ROS2/learn-ros2/ros2_ws/src/my_python_pkg) by extension 'colcon_meta'
[2.159s] Level 1:colcon.colcon_core.package_identification:_identify(/home/reino/Programming/ROS2/learn-ros2/ros2_ws/src/my_python_pkg) by extensions ['ros']
[2.159s] Level 1:colcon.colcon_core.package_identification:_identify(/home/reino/Programming/ROS2/learn-ros2/ros2_ws/src/my_python_pkg) by extension 'ros'
[2.160s] DEBUG:colcon.colcon_core.package_identification:Package '/home/reino/Programming/ROS2/learn-ros2/ros2_ws/src/my_python_pkg' with type 'ros.ament_python' and name 'my_python_pkg'
[2.161s] Level 1:colcon.colcon_core.package_discovery:discover_packages(recursive) using defaults
