[1.387s] DEBUG:colcon:Command line arguments: ['/usr/bin/colcon', 'build', '--packages-select', 'my_cpp_pkg']
[1.387s] DEBUG:colcon:Parsed command line arguments: Namespace(log_base=None, log_level=None, verb_name='build', build_base='build', install_base='install', merge_install=False, symlink_install=False, test_result_base=None, continue_on_error=False, executor='parallel', parallel_workers=8, event_handlers=None, ignore_user_meta=False, metas=['./colcon.meta'], base_paths=['.'], packages_ignore=None, packages_ignore_regex=None, paths=None, packages_up_to=None, packages_up_to_regex=None, packages_above=None, packages_above_and_dependencies=None, packages_above_depth=None, packages_select_by_dep=None, packages_skip_by_dep=None, packages_skip_up_to=None, packages_select_build_failed=False, packages_skip_build_finished=False, packages_select_test_failures=False, packages_skip_test_passed=False, packages_select=['my_cpp_pkg'], packages_skip=None, packages_select_regex=None, packages_skip_regex=None, packages_start=None, packages_end=None, allow_overriding=[], cmake_args=None, cmake_target=None, cmake_target_skip_unavailable=False, cmake_clean_cache=False, cmake_clean_first=False, cmake_force_configure=False, ament_cmake_args=None, catkin_cmake_args=None, catkin_skip_building_tests=False, verb_parser=<colcon_defaults.argument_parser.defaults.DefaultArgumentsDecorator object at 0x7fb9b9b808b0>, verb_extension=<colcon_core.verb.build.BuildVerb object at 0x7fb9b9b80490>, main=<bound method BuildVerb.main of <colcon_core.verb.build.BuildVerb object at 0x7fb9b9b80490>>)
[1.455s] Level 1:colcon.colcon_core.package_discovery:discover_packages(colcon_meta) check parameters
[1.455s] Level 1:colcon.colcon_core.package_discovery:discover_packages(recursive) check parameters
[1.455s] Level 1:colcon.colcon_core.package_discovery:discover_packages(ignore) check parameters
[1.455s] Level 1:colcon.colcon_core.package_discovery:discover_packages(path) check parameters
[1.455s] Level 1:colcon.colcon_core.package_discovery:discover_packages(colcon_meta) discover
[1.456s] Level 1:colcon.colcon_core.package_discovery:discover_packages(recursive) discover
[1.456s] INFO:colcon.colcon_core.package_discovery:Crawling recursively for packages in '/home/reino/Programming/ROS2/learn-ros2/ros2_ws'
[1.456s] Level 1:colcon.colcon_core.package_identification:_identify(.) by extensions ['ignore', 'ignore_ament_install']
[1.456s] Level 1:colcon.colcon_core.package_identification:_identify(.) by extension 'ignore'
[1.456s] Level 1:colcon.colcon_core.package_identification:_identify(.) by extension 'ignore_ament_install'
[1.456s] Level 1:colcon.colcon_core.package_identification:_identify(.) by extensions ['colcon_pkg']
[1.456s] Level 1:colcon.colcon_core.package_identification:_identify(.) by extension 'colcon_pkg'
[1.457s] Level 1:colcon.colcon_core.package_identification:_identify(.) by extensions ['colcon_meta']
[1.457s] Level 1:colcon.colcon_core.package_identification:_identify(.) by extension 'colcon_meta'
[1.457s] Level 1:colcon.colcon_core.package_identification:_identify(.) by extensions ['ros']
[1.457s] Level 1:colcon.colcon_core.package_identification:_identify(.) by extension 'ros'
[1.476s] Level 1:colcon.colcon_core.package_identification:_identify(.) by extensions ['cmake', 'python']
[1.476s] Level 1:colcon.colcon_core.package_identification:_identify(.) by extension 'cmake'
[1.476s] Level 1:colcon.colcon_core.package_identification:_identify(.) by extension 'python'
[1.476s] Level 1:colcon.colcon_core.package_identification:_identify(.) by extensions ['python_setup_py']
[1.476s] Level 1:colcon.colcon_core.package_identification:_identify(.) by extension 'python_setup_py'
[1.477s] Level 1:colcon.colcon_core.package_identification:_identify(build) by extensions ['ignore', 'ignore_ament_install']
[1.477s] Level 1:colcon.colcon_core.package_identification:_identify(build) by extension 'ignore'
[1.477s] Level 1:colcon.colcon_core.package_identification:_identify(build) ignored
[1.477s] Level 1:colcon.colcon_core.package_identification:_identify(install) by extensions ['ignore', 'ignore_ament_install']
[1.477s] Level 1:colcon.colcon_core.package_identification:_identify(install) by extension 'ignore'
[1.477s] Level 1:colcon.colcon_core.package_identification:_identify(install) ignored
[1.478s] Level 1:colcon.colcon_core.package_identification:_identify(log) by extensions ['ignore', 'ignore_ament_install']
[1.478s] Level 1:colcon.colcon_core.package_identification:_identify(log) by extension 'ignore'
[1.478s] Level 1:colcon.colcon_core.package_identification:_identify(log) ignored
[1.478s] Level 1:colcon.colcon_core.package_identification:_identify(src) by extensions ['ignore', 'ignore_ament_install']
[1.478s] Level 1:colcon.colcon_core.package_identification:_identify(src) by extension 'ignore'
[1.478s] Level 1:colcon.colcon_core.package_identification:_identify(src) by extension 'ignore_ament_install'
[1.478s] Level 1:colcon.colcon_core.package_identification:_identify(src) by extensions ['colcon_pkg']
[1.478s] Level 1:colcon.colcon_core.package_identification:_identify(src) by extension 'colcon_pkg'
[1.478s] Level 1:colcon.colcon_core.package_identification:_identify(src) by extensions ['colcon_meta']
[1.479s] Level 1:colcon.colcon_core.package_identification:_identify(src) by extension 'colcon_meta'
[1.479s] Level 1:colcon.colcon_core.package_identification:_identify(src) by extensions ['ros']
[1.479s] Level 1:colcon.colcon_core.package_identification:_identify(src) by extension 'ros'
[1.479s] Level 1:colcon.colcon_core.package_identification:_identify(src) by extensions ['cmake', 'python']
[1.479s] Level 1:colcon.colcon_core.package_identification:_identify(src) by extension 'cmake'
[1.479s] Level 1:colcon.colcon_core.package_identification:_identify(src) by extension 'python'
[1.479s] Level 1:colcon.colcon_core.package_identification:_identify(src) by extensions ['python_setup_py']
[1.479s] Level 1:colcon.colcon_core.package_identification:_identify(src) by extension 'python_setup_py'
[1.479s] Level 1:colcon.colcon_core.package_identification:_identify(src/my_cpp_pkg) by extensions ['ignore', 'ignore_ament_install']
[1.479s] Level 1:colcon.colcon_core.package_identification:_identify(src/my_cpp_pkg) by extension 'ignore'
[1.479s] Level 1:colcon.colcon_core.package_identification:_identify(src/my_cpp_pkg) by extension 'ignore_ament_install'
[1.480s] Level 1:colcon.colcon_core.package_identification:_identify(src/my_cpp_pkg) by extensions ['colcon_pkg']
[1.480s] Level 1:colcon.colcon_core.package_identification:_identify(src/my_cpp_pkg) by extension 'colcon_pkg'
[1.480s] Level 1:colcon.colcon_core.package_identification:_identify(src/my_cpp_pkg) by extensions ['colcon_meta']
[1.480s] Level 1:colcon.colcon_core.package_identification:_identify(src/my_cpp_pkg) by extension 'colcon_meta'
[1.480s] Level 1:colcon.colcon_core.package_identification:_identify(src/my_cpp_pkg) by extensions ['ros']
[1.480s] Level 1:colcon.colcon_core.package_identification:_identify(src/my_cpp_pkg) by extension 'ros'
[1.484s] DEBUG:colcon.colcon_core.package_identification:Package 'src/my_cpp_pkg' with type 'ros.ament_cmake' and name 'my_cpp_pkg'
[1.484s] Level 1:colcon.colcon_core.package_identification:_identify(src/my_python_pkg) by extensions ['ignore', 'ignore_ament_install']
[1.484s] Level 1:colcon.colcon_core.package_identification:_identify(src/my_python_pkg) by extension 'ignore'
[1.484s] Level 1:colcon.colcon_core.package_identification:_identify(src/my_python_pkg) by extension 'ignore_ament_install'
[1.484s] Level 1:colcon.colcon_core.package_identification:_identify(src/my_python_pkg) by extensions ['colcon_pkg']
[1.484s] Level 1:colcon.colcon_core.package_identification:_identify(src/my_python_pkg) by extension 'colcon_pkg'
[1.484s] Level 1:colcon.colcon_core.package_identification:_identify(src/my_python_pkg) by extensions ['colcon_meta']
[1.485s] Level 1:colcon.colcon_core.package_identification:_identify(src/my_python_pkg) by extension 'colcon_meta'
[1.485s] Level 1:colcon.colcon_core.package_identification:_identify(src/my_python_pkg) by extensions ['ros']
[1.485s] Level 1:colcon.colcon_core.package_identification:_identify(src/my_python_pkg) by extension 'ros'
[1.486s] DEBUG:colcon.colcon_core.package_identification:Package 'src/my_python_pkg' with type 'ros.ament_python' and name 'my_python_pkg'
[1.486s] Level 1:colcon.colcon_core.package_discovery:discover_packages(recursive) using defaults
[1.486s] Level 1:colcon.colcon_core.package_discovery:discover_packages(ignore) discover
[1.486s] Level 1:colcon.colcon_core.package_discovery:discover_packages(ignore) using defaults
[1.486s] Level 1:colcon.colcon_core.package_discovery:discover_packages(path) discover
[1.486s] Level 1:colcon.colcon_core.package_discovery:discover_packages(path) using defaults
[1.574s] INFO:colcon.colcon_core.package_selection:Skipping not selected package 'my_python_pkg' in 'src/my_python_pkg'
[1.611s] Level 1:colcon.colcon_core.package_discovery:discover_packages(prefix_path) check parameters
[1.611s] Level 1:colcon.colcon_core.package_discovery:discover_packages(prefix_path) discover
[1.654s] DEBUG:colcon.colcon_installed_package_information.package_discovery:Found 1 installed packages in /home/reino/Programming/ROS2/learn-ros2/ros2_ws/install
[1.677s] DEBUG:colcon.colcon_installed_package_information.package_discovery:Found 270 installed packages in /opt/ros/humble
[1.679s] Level 1:colcon.colcon_core.package_discovery:discover_packages(prefix_path) using defaults
[1.819s] Level 5:colcon.colcon_core.verb:set package 'my_cpp_pkg' build argument 'cmake_args' from command line to 'None'
[1.819s] Level 5:colcon.colcon_core.verb:set package 'my_cpp_pkg' build argument 'cmake_target' from command line to 'None'
[1.819s] Level 5:colcon.colcon_core.verb:set package 'my_cpp_pkg' build argument 'cmake_target_skip_unavailable' from command line to 'False'
[1.819s] Level 5:colcon.colcon_core.verb:set package 'my_cpp_pkg' build argument 'cmake_clean_cache' from command line to 'False'
[1.819s] Level 5:colcon.colcon_core.verb:set package 'my_cpp_pkg' build argument 'cmake_clean_first' from command line to 'False'
[1.819s] Level 5:colcon.colcon_core.verb:set package 'my_cpp_pkg' build argument 'cmake_force_configure' from command line to 'False'
[1.819s] Level 5:colcon.colcon_core.verb:set package 'my_cpp_pkg' build argument 'ament_cmake_args' from command line to 'None'
[1.819s] Level 5:colcon.colcon_core.verb:set package 'my_cpp_pkg' build argument 'catkin_cmake_args' from command line to 'None'
[1.819s] Level 5:colcon.colcon_core.verb:set package 'my_cpp_pkg' build argument 'catkin_skip_building_tests' from command line to 'False'
[1.819s] DEBUG:colcon.colcon_core.verb:Building package 'my_cpp_pkg' with the following arguments: {'ament_cmake_args': None, 'build_base': '/home/reino/Programming/ROS2/learn-ros2/ros2_ws/build/my_cpp_pkg', 'catkin_cmake_args': None, 'catkin_skip_building_tests': False, 'cmake_args': None, 'cmake_clean_cache': False, 'cmake_clean_first': False, 'cmake_force_configure': False, 'cmake_target': None, 'cmake_target_skip_unavailable': False, 'install_base': '/home/reino/Programming/ROS2/learn-ros2/ros2_ws/install/my_cpp_pkg', 'merge_install': False, 'path': '/home/reino/Programming/ROS2/learn-ros2/ros2_ws/src/my_cpp_pkg', 'symlink_install': False, 'test_result_base': None}
[1.841s] INFO:colcon.colcon_core.executor:Executing jobs using 'parallel' executor
[1.863s] DEBUG:colcon.colcon_parallel_executor.executor.parallel:run_until_complete
[1.864s] INFO:colcon.colcon_ros.task.ament_cmake.build:Building ROS package in '/home/reino/Programming/ROS2/learn-ros2/ros2_ws/src/my_cpp_pkg' with build type 'ament_cmake'
[1.864s] INFO:colcon.colcon_cmake.task.cmake.build:Building CMake package in '/home/reino/Programming/ROS2/learn-ros2/ros2_ws/src/my_cpp_pkg'
[1.889s] INFO:colcon.colcon_core.plugin_system:Skipping extension 'colcon_core.shell.bat': Not used on non-Windows systems
[1.889s] INFO:colcon.colcon_core.shell:Skip shell extension 'powershell' for command environment: Not usable outside of PowerShell
[1.889s] DEBUG:colcon.colcon_core.shell:Skip shell extension 'dsv' for command environment
[2.065s] DEBUG:colcon.colcon_core.event_handler.log_command:Invoking command in '/home/reino/Programming/ROS2/learn-ros2/ros2_ws/build/my_cpp_pkg': CMAKE_PREFIX_PATH=/opt/ros/humble /usr/bin/cmake /home/reino/Programming/ROS2/learn-ros2/ros2_ws/src/my_cpp_pkg -DCMAKE_INSTALL_PREFIX=/home/reino/Programming/ROS2/learn-ros2/ros2_ws/install/my_cpp_pkg
[8.351s] DEBUG:colcon.colcon_core.event_handler.log_command:Invoked command in '/home/reino/Programming/ROS2/learn-ros2/ros2_ws/build/my_cpp_pkg' returned '0': CMAKE_PREFIX_PATH=/opt/ros/humble /usr/bin/cmake /home/reino/Programming/ROS2/learn-ros2/ros2_ws/src/my_cpp_pkg -DCMAKE_INSTALL_PREFIX=/home/reino/Programming/ROS2/learn-ros2/ros2_ws/install/my_cpp_pkg
[8.352s] DEBUG:colcon.colcon_core.event_handler.log_command:Invoking command in '/home/reino/Programming/ROS2/learn-ros2/ros2_ws/build/my_cpp_pkg': CMAKE_PREFIX_PATH=/opt/ros/humble /usr/bin/cmake --build /home/reino/Programming/ROS2/learn-ros2/ros2_ws/build/my_cpp_pkg -- -j8 -l8
[8.430s] DEBUG:colcon.colcon_core.event_handler.log_command:Invoked command in '/home/reino/Programming/ROS2/learn-ros2/ros2_ws/build/my_cpp_pkg' returned '0': CMAKE_PREFIX_PATH=/opt/ros/humble /usr/bin/cmake --build /home/reino/Programming/ROS2/learn-ros2/ros2_ws/build/my_cpp_pkg -- -j8 -l8
[8.491s] DEBUG:colcon.colcon_core.event_handler.log_command:Invoking command in '/home/reino/Programming/ROS2/learn-ros2/ros2_ws/build/my_cpp_pkg': CMAKE_PREFIX_PATH=/opt/ros/humble /usr/bin/cmake --install /home/reino/Programming/ROS2/learn-ros2/ros2_ws/build/my_cpp_pkg
[8.514s] Level 1:colcon.colcon_core.environment:create_environment_scripts_only(my_cpp_pkg)
[8.515s] DEBUG:colcon.colcon_core.event_handler.log_command:Invoked command in '/home/reino/Programming/ROS2/learn-ros2/ros2_ws/build/my_cpp_pkg' returned '0': CMAKE_PREFIX_PATH=/opt/ros/humble /usr/bin/cmake --install /home/reino/Programming/ROS2/learn-ros2/ros2_ws/build/my_cpp_pkg
[8.544s] Level 1:colcon.colcon_core.environment:checking '/home/reino/Programming/ROS2/learn-ros2/ros2_ws/install/my_cpp_pkg' for CMake module files
[8.544s] Level 1:colcon.colcon_core.environment:checking '/home/reino/Programming/ROS2/learn-ros2/ros2_ws/install/my_cpp_pkg' for CMake config files
[8.545s] Level 1:colcon.colcon_core.shell:create_environment_hook('my_cpp_pkg', 'cmake_prefix_path')
[8.568s] INFO:colcon.colcon_core.shell:Creating environment hook '/home/reino/Programming/ROS2/learn-ros2/ros2_ws/install/my_cpp_pkg/share/my_cpp_pkg/hook/cmake_prefix_path.ps1'
[8.569s] INFO:colcon.colcon_core.shell:Creating environment descriptor '/home/reino/Programming/ROS2/learn-ros2/ros2_ws/install/my_cpp_pkg/share/my_cpp_pkg/hook/cmake_prefix_path.dsv'
[8.570s] INFO:colcon.colcon_core.shell:Creating environment hook '/home/reino/Programming/ROS2/learn-ros2/ros2_ws/install/my_cpp_pkg/share/my_cpp_pkg/hook/cmake_prefix_path.sh'
[8.571s] Level 1:colcon.colcon_core.environment:checking '/home/reino/Programming/ROS2/learn-ros2/ros2_ws/install/my_cpp_pkg/bin'
[8.572s] Level 1:colcon.colcon_core.environment:checking '/home/reino/Programming/ROS2/learn-ros2/ros2_ws/install/my_cpp_pkg/lib/pkgconfig/my_cpp_pkg.pc'
[8.572s] Level 1:colcon.colcon_core.environment:checking '/home/reino/Programming/ROS2/learn-ros2/ros2_ws/install/my_cpp_pkg/lib/python3.10/site-packages'
[8.572s] Level 1:colcon.colcon_core.environment:checking '/home/reino/Programming/ROS2/learn-ros2/ros2_ws/install/my_cpp_pkg/bin'
[8.597s] INFO:colcon.colcon_core.shell:Creating package script '/home/reino/Programming/ROS2/learn-ros2/ros2_ws/install/my_cpp_pkg/share/my_cpp_pkg/package.ps1'
[8.599s] INFO:colcon.colcon_core.shell:Creating package descriptor '/home/reino/Programming/ROS2/learn-ros2/ros2_ws/install/my_cpp_pkg/share/my_cpp_pkg/package.dsv'
[8.599s] INFO:colcon.colcon_core.shell:Creating package script '/home/reino/Programming/ROS2/learn-ros2/ros2_ws/install/my_cpp_pkg/share/my_cpp_pkg/package.sh'
[8.601s] INFO:colcon.colcon_core.shell:Creating package script '/home/reino/Programming/ROS2/learn-ros2/ros2_ws/install/my_cpp_pkg/share/my_cpp_pkg/package.bash'
[8.602s] INFO:colcon.colcon_core.shell:Creating package script '/home/reino/Programming/ROS2/learn-ros2/ros2_ws/install/my_cpp_pkg/share/my_cpp_pkg/package.zsh'
[8.603s] Level 1:colcon.colcon_core.environment:create_file_with_runtime_dependencies(/home/reino/Programming/ROS2/learn-ros2/ros2_ws/install/my_cpp_pkg/share/colcon-core/packages/my_cpp_pkg)
[8.667s] Level 1:colcon.colcon_core.environment:create_environment_scripts_only(my_cpp_pkg)
[8.691s] Level 1:colcon.colcon_core.environment:checking '/home/reino/Programming/ROS2/learn-ros2/ros2_ws/install/my_cpp_pkg' for CMake module files
[8.692s] Level 1:colcon.colcon_core.environment:checking '/home/reino/Programming/ROS2/learn-ros2/ros2_ws/install/my_cpp_pkg' for CMake config files
[8.693s] Level 1:colcon.colcon_core.shell:create_environment_hook('my_cpp_pkg', 'cmake_prefix_path')
[8.718s] INFO:colcon.colcon_core.shell:Creating environment hook '/home/reino/Programming/ROS2/learn-ros2/ros2_ws/install/my_cpp_pkg/share/my_cpp_pkg/hook/cmake_prefix_path.ps1'
[8.719s] INFO:colcon.colcon_core.shell:Creating environment descriptor '/home/reino/Programming/ROS2/learn-ros2/ros2_ws/install/my_cpp_pkg/share/my_cpp_pkg/hook/cmake_prefix_path.dsv'
[8.719s] INFO:colcon.colcon_core.shell:Creating environment hook '/home/reino/Programming/ROS2/learn-ros2/ros2_ws/install/my_cpp_pkg/share/my_cpp_pkg/hook/cmake_prefix_path.sh'
[8.720s] Level 1:colcon.colcon_core.environment:checking '/home/reino/Programming/ROS2/learn-ros2/ros2_ws/install/my_cpp_pkg/bin'
[8.720s] Level 1:colcon.colcon_core.environment:checking '/home/reino/Programming/ROS2/learn-ros2/ros2_ws/install/my_cpp_pkg/lib/pkgconfig/my_cpp_pkg.pc'
[8.720s] Level 1:colcon.colcon_core.environment:checking '/home/reino/Programming/ROS2/learn-ros2/ros2_ws/install/my_cpp_pkg/lib/python3.10/site-packages'
[8.721s] Level 1:colcon.colcon_core.environment:checking '/home/reino/Programming/ROS2/learn-ros2/ros2_ws/install/my_cpp_pkg/bin'
[8.746s] INFO:colcon.colcon_core.shell:Creating package script '/home/reino/Programming/ROS2/learn-ros2/ros2_ws/install/my_cpp_pkg/share/my_cpp_pkg/package.ps1'
[8.747s] INFO:colcon.colcon_core.shell:Creating package descriptor '/home/reino/Programming/ROS2/learn-ros2/ros2_ws/install/my_cpp_pkg/share/my_cpp_pkg/package.dsv'
[8.747s] INFO:colcon.colcon_core.shell:Creating package script '/home/reino/Programming/ROS2/learn-ros2/ros2_ws/install/my_cpp_pkg/share/my_cpp_pkg/package.sh'
[8.748s] INFO:colcon.colcon_core.shell:Creating package script '/home/reino/Programming/ROS2/learn-ros2/ros2_ws/install/my_cpp_pkg/share/my_cpp_pkg/package.bash'
[8.748s] INFO:colcon.colcon_core.shell:Creating package script '/home/reino/Programming/ROS2/learn-ros2/ros2_ws/install/my_cpp_pkg/share/my_cpp_pkg/package.zsh'
[8.749s] Level 1:colcon.colcon_core.environment:create_file_with_runtime_dependencies(/home/reino/Programming/ROS2/learn-ros2/ros2_ws/install/my_cpp_pkg/share/colcon-core/packages/my_cpp_pkg)
[8.749s] DEBUG:colcon.colcon_parallel_executor.executor.parallel:closing loop
[8.750s] DEBUG:colcon.colcon_parallel_executor.executor.parallel:loop closed
[8.750s] DEBUG:colcon.colcon_parallel_executor.executor.parallel:run_until_complete finished with '0'
[8.750s] DEBUG:colcon.colcon_core.event_reactor:joining thread
[8.778s] INFO:colcon.colcon_core.plugin_system:Skipping extension 'colcon_notification.desktop_notification.terminal_notifier': Not used on non-Darwin systems
[8.778s] INFO:colcon.colcon_core.plugin_system:Skipping extension 'colcon_notification.desktop_notification.win32': Not used on non-Windows systems
[8.779s] INFO:colcon.colcon_notification.desktop_notification:Sending desktop notification using 'notify2'
[8.799s] DEBUG:colcon.colcon_core.event_reactor:joined thread
[8.824s] INFO:colcon.colcon_core.shell:Creating prefix script '/home/reino/Programming/ROS2/learn-ros2/ros2_ws/install/local_setup.ps1'
[8.826s] INFO:colcon.colcon_core.shell:Creating prefix util module '/home/reino/Programming/ROS2/learn-ros2/ros2_ws/install/_local_setup_util_ps1.py'
[8.828s] INFO:colcon.colcon_core.shell:Creating prefix chain script '/home/reino/Programming/ROS2/learn-ros2/ros2_ws/install/setup.ps1'
[8.851s] INFO:colcon.colcon_core.shell:Creating prefix script '/home/reino/Programming/ROS2/learn-ros2/ros2_ws/install/local_setup.sh'
[8.852s] INFO:colcon.colcon_core.shell:Creating prefix util module '/home/reino/Programming/ROS2/learn-ros2/ros2_ws/install/_local_setup_util_sh.py'
[8.852s] INFO:colcon.colcon_core.shell:Creating prefix chain script '/home/reino/Programming/ROS2/learn-ros2/ros2_ws/install/setup.sh'
[8.874s] INFO:colcon.colcon_core.shell:Creating prefix script '/home/reino/Programming/ROS2/learn-ros2/ros2_ws/install/local_setup.bash'
[8.875s] INFO:colcon.colcon_core.shell:Creating prefix chain script '/home/reino/Programming/ROS2/learn-ros2/ros2_ws/install/setup.bash'
[8.897s] INFO:colcon.colcon_core.shell:Creating prefix script '/home/reino/Programming/ROS2/learn-ros2/ros2_ws/install/local_setup.zsh'
[8.897s] INFO:colcon.colcon_core.shell:Creating prefix chain script '/home/reino/Programming/ROS2/learn-ros2/ros2_ws/install/setup.zsh'
